[4.338s] Invoking command in '/home/ubuntu/ros2_ws/src/camera_pipelines': PYTHONPATH=/home/ubuntu/ros2_ws/build/camera_pipelines/prefix_override:/usr/lib/python3/dist-packages/colcon_core/task/python/colcon_distutils_commands:/home/ubuntu/ros2_ws/install/camera_pipelines/lib/python3.10/site-packages: /usr/bin/python3 -W ignore:setup.py install is deprecated -W ignore:easy_install command is deprecated setup.py egg_info --egg-base ../../build/camera_pipelines build --build-base /home/ubuntu/ros2_ws/build/camera_pipelines/build install --record /home/ubuntu/ros2_ws/build/camera_pipelines/install.log --single-version-externally-managed install_data
[5.338s] running egg_info
[5.344s] writing ../../build/camera_pipelines/camera_pipelines.egg-info/PKG-INFO
[5.349s] writing dependency_links to ../../build/camera_pipelines/camera_pipelines.egg-info/dependency_links.txt
[5.350s] writing entry points to ../../build/camera_pipelines/camera_pipelines.egg-info/entry_points.txt
[5.350s] writing requirements to ../../build/camera_pipelines/camera_pipelines.egg-info/requires.txt
[5.356s] writing top-level names to ../../build/camera_pipelines/camera_pipelines.egg-info/top_level.txt
[5.357s] reading manifest file '../../build/camera_pipelines/camera_pipelines.egg-info/SOURCES.txt'
[5.360s] writing manifest file '../../build/camera_pipelines/camera_pipelines.egg-info/SOURCES.txt'
[5.363s] running build
[5.364s] running build_py
[5.367s] running install
[5.368s] running install_lib
[5.370s] running install_data
[5.370s] running install_egg_info
[5.377s] removing '/home/ubuntu/ros2_ws/install/camera_pipelines/lib/python3.10/site-packages/camera_pipelines-0.0.0-py3.10.egg-info' (and everything under it)
[5.377s] Copying ../../build/camera_pipelines/camera_pipelines.egg-info to /home/ubuntu/ros2_ws/install/camera_pipelines/lib/python3.10/site-packages/camera_pipelines-0.0.0-py3.10.egg-info
[5.385s] running install_scripts
[5.478s] writing list of installed files to '/home/ubuntu/ros2_ws/build/camera_pipelines/install.log'
[5.636s] Invoked command in '/home/ubuntu/ros2_ws/src/camera_pipelines' returned '0': PYTHONPATH=/home/ubuntu/ros2_ws/build/camera_pipelines/prefix_override:/usr/lib/python3/dist-packages/colcon_core/task/python/colcon_distutils_commands:/home/ubuntu/ros2_ws/install/camera_pipelines/lib/python3.10/site-packages: /usr/bin/python3 -W ignore:setup.py install is deprecated -W ignore:easy_install command is deprecated setup.py egg_info --egg-base ../../build/camera_pipelines build --build-base /home/ubuntu/ros2_ws/build/camera_pipelines/build install --record /home/ubuntu/ros2_ws/build/camera_pipelines/install.log --single-version-externally-managed install_data
