[1.249s] Invoking command in '/home/ubuntu/ros2_ws/build/depthai_ros_driver': CMAKE_PREFIX_PATH=/home/ubuntu/ros2_ws/install/teleop_forklift_control:/opt/ros/humble /usr/bin/cmake /home/ubuntu/ros2_ws/src/depthai_ros_driver -DCMAKE_INSTALL_PREFIX=/home/ubuntu/ros2_ws/install/depthai_ros_driver
[1.305s] -- Found ament_cmake_auto: 1.3.11 (/opt/ros/humble/share/ament_cmake_auto/cmake)
[2.548s] -- Found rosidl_generator_c: 3.1.6 (/opt/ros/humble/share/rosidl_generator_c/cmake)
[2.561s] -- Found rosidl_adapter: 3.1.6 (/opt/ros/humble/share/rosidl_adapter/cmake)
[2.599s] -- Found rosidl_generator_cpp: 3.1.6 (/opt/ros/humble/share/rosidl_generator_cpp/cmake)
[2.655s] -- Using all available rosidl_typesupport_c: rosidl_typesupport_fastrtps_c;rosidl_typesupport_introspection_c
[2.717s] -- Using all available rosidl_typesupport_cpp: rosidl_typesupport_fastrtps_cpp;rosidl_typesupport_introspection_cpp
[2.887s] -- Found rmw_implementation_cmake: 6.1.2 (/opt/ros/humble/share/rmw_implementation_cmake/cmake)
[2.894s] -- Found rmw_fastrtps_cpp: 6.2.7 (/opt/ros/humble/share/rmw_fastrtps_cpp/cmake)
[3.757s] -- Using RMW implementation 'rmw_fastrtps_cpp' as default
[6.087s] [31mCMake Error at /opt/ros/humble/share/ament_cmake_target_dependencies/cmake/ament_target_dependencies.cmake:77 (message):
[6.088s]   ament_target_dependencies() the passed package name 'camera_info_manager'
[6.088s]   was not found before
[6.089s] Call Stack (most recent call first):
[6.090s]   CMakeLists.txt:83 (ament_target_dependencies)
[6.097s] 
[6.098s] [0m
[6.099s] -- Configuring incomplete, errors occurred!
[6.100s] See also "/home/ubuntu/ros2_ws/build/depthai_ros_driver/CMakeFiles/CMakeOutput.log".
[6.129s] Invoked command in '/home/ubuntu/ros2_ws/build/depthai_ros_driver' returned '1': CMAKE_PREFIX_PATH=/home/ubuntu/ros2_ws/install/teleop_forklift_control:/opt/ros/humble /usr/bin/cmake /home/ubuntu/ros2_ws/src/depthai_ros_driver -DCMAKE_INSTALL_PREFIX=/home/ubuntu/ros2_ws/install/depthai_ros_driver
