running develop
running egg_info
creating teleop_forklift_control.egg-info
writing teleop_forklift_control.egg-info/PKG-INFO
writing dependency_links to teleop_forklift_control.egg-info/dependency_links.txt
writing entry points to teleop_forklift_control.egg-info/entry_points.txt
writing requirements to teleop_forklift_control.egg-info/requires.txt
writing top-level names to teleop_forklift_control.egg-info/top_level.txt
writing manifest file 'teleop_forklift_control.egg-info/SOURCES.txt'
reading manifest file 'teleop_forklift_control.egg-info/SOURCES.txt'
writing manifest file 'teleop_forklift_control.egg-info/SOURCES.txt'
running build_ext
Creating /home/ubuntu/ros2_ws/install/teleop_forklift_control/lib/python3.10/site-packages/teleop-forklift-control.egg-link (link to .)
Installing main script to /home/ubuntu/ros2_ws/install/teleop_forklift_control/lib/teleop_forklift_control

Installed /home/ubuntu/ros2_ws/build/teleop_forklift_control
running symlink_data
creating /home/ubuntu/ros2_ws/install/teleop_forklift_control/share/ament_index
creating /home/ubuntu/ros2_ws/install/teleop_forklift_control/share/ament_index/resource_index
creating /home/ubuntu/ros2_ws/install/teleop_forklift_control/share/ament_index/resource_index/packages
symbolically linking /home/ubuntu/ros2_ws/build/teleop_forklift_control/resource/teleop_forklift_control -> /home/ubuntu/ros2_ws/install/teleop_forklift_control/share/ament_index/resource_index/packages
symbolically linking /home/ubuntu/ros2_ws/build/teleop_forklift_control/package.xml -> /home/ubuntu/ros2_ws/install/teleop_forklift_control/share/teleop_forklift_control
creating /home/ubuntu/ros2_ws/install/teleop_forklift_control/share/teleop_forklift_control/launch
