[1.067s] DEBUG:colcon:Command line arguments: ['/usr/bin/colcon', 'build']
[1.067s] DEBUG:colcon:Parsed command line arguments: Namespace(log_base=None, log_level=None, verb_name='build', build_base='build', install_base='install', merge_install=False, symlink_install=False, test_result_base=None, continue_on_error=False, executor='parallel', parallel_workers=4, event_handlers=None, ignore_user_meta=False, metas=['./colcon.meta'], base_paths=['.'], packages_ignore=None, packages_ignore_regex=None, paths=None, packages_up_to=None, packages_up_to_regex=None, packages_above=None, packages_above_and_dependencies=None, packages_above_depth=None, packages_select_by_dep=None, packages_skip_by_dep=None, packages_skip_up_to=None, packages_select_build_failed=False, packages_skip_build_finished=False, packages_select_test_failures=False, packages_skip_test_passed=False, packages_select=None, packages_skip=None, packages_select_regex=None, packages_skip_regex=None, packages_start=None, packages_end=None, allow_overriding=[], cmake_args=None, cmake_target=None, cmake_target_skip_unavailable=False, cmake_clean_cache=False, cmake_clean_first=False, cmake_force_configure=False, ament_cmake_args=None, catkin_cmake_args=None, catkin_skip_building_tests=False, verb_parser=<colcon_defaults.argument_parser.defaults.DefaultArgumentsDecorator object at 0xffff833879a0>, verb_extension=<colcon_core.verb.build.BuildVerb object at 0xffff83559450>, main=<bound method BuildVerb.main of <colcon_core.verb.build.BuildVerb object at 0xffff83559450>>)
[2.336s] Level 1:colcon.colcon_core.package_discovery:discover_packages(colcon_meta) check parameters
[2.337s] Level 1:colcon.colcon_core.package_discovery:discover_packages(recursive) check parameters
[2.337s] Level 1:colcon.colcon_core.package_discovery:discover_packages(ignore) check parameters
[2.337s] Level 1:colcon.colcon_core.package_discovery:discover_packages(path) check parameters
[2.337s] Level 1:colcon.colcon_core.package_discovery:discover_packages(colcon_meta) discover
[2.338s] Level 1:colcon.colcon_core.package_discovery:discover_packages(recursive) discover
[2.338s] INFO:colcon.colcon_core.package_discovery:Crawling recursively for packages in '/home/ubuntu/ros2_ws'
[2.338s] Level 1:colcon.colcon_core.package_identification:_identify(.) by extensions ['ignore', 'ignore_ament_install']
[2.339s] Level 1:colcon.colcon_core.package_identification:_identify(.) by extension 'ignore'
[2.340s] Level 1:colcon.colcon_core.package_identification:_identify(.) by extension 'ignore_ament_install'
[2.340s] Level 1:colcon.colcon_core.package_identification:_identify(.) by extensions ['colcon_pkg']
[2.340s] Level 1:colcon.colcon_core.package_identification:_identify(.) by extension 'colcon_pkg'
[2.341s] Level 1:colcon.colcon_core.package_identification:_identify(.) by extensions ['colcon_meta']
[2.341s] Level 1:colcon.colcon_core.package_identification:_identify(.) by extension 'colcon_meta'
[2.341s] Level 1:colcon.colcon_core.package_identification:_identify(.) by extensions ['ros']
[2.342s] Level 1:colcon.colcon_core.package_identification:_identify(.) by extension 'ros'
[2.420s] Level 1:colcon.colcon_core.package_identification:_identify(.) by extensions ['cmake', 'python']
[2.420s] Level 1:colcon.colcon_core.package_identification:_identify(.) by extension 'cmake'
[2.420s] Level 1:colcon.colcon_core.package_identification:_identify(.) by extension 'python'
[2.420s] Level 1:colcon.colcon_core.package_identification:_identify(.) by extensions ['python_setup_py']
[2.421s] Level 1:colcon.colcon_core.package_identification:_identify(.) by extension 'python_setup_py'
[2.421s] Level 1:colcon.colcon_core.package_identification:_identify(build) by extensions ['ignore', 'ignore_ament_install']
[2.422s] Level 1:colcon.colcon_core.package_identification:_identify(build) by extension 'ignore'
[2.422s] Level 1:colcon.colcon_core.package_identification:_identify(build) ignored
[2.422s] Level 1:colcon.colcon_core.package_identification:_identify(install) by extensions ['ignore', 'ignore_ament_install']
[2.423s] Level 1:colcon.colcon_core.package_identification:_identify(install) by extension 'ignore'
[2.423s] Level 1:colcon.colcon_core.package_identification:_identify(install) ignored
[2.424s] Level 1:colcon.colcon_core.package_identification:_identify(log) by extensions ['ignore', 'ignore_ament_install']
[2.424s] Level 1:colcon.colcon_core.package_identification:_identify(log) by extension 'ignore'
[2.424s] Level 1:colcon.colcon_core.package_identification:_identify(log) ignored
[2.425s] Level 1:colcon.colcon_core.package_identification:_identify(src) by extensions ['ignore', 'ignore_ament_install']
[2.425s] Level 1:colcon.colcon_core.package_identification:_identify(src) by extension 'ignore'
[2.425s] Level 1:colcon.colcon_core.package_identification:_identify(src) by extension 'ignore_ament_install'
[2.425s] Level 1:colcon.colcon_core.package_identification:_identify(src) by extensions ['colcon_pkg']
[2.426s] Level 1:colcon.colcon_core.package_identification:_identify(src) by extension 'colcon_pkg'
[2.426s] Level 1:colcon.colcon_core.package_identification:_identify(src) by extensions ['colcon_meta']
[2.426s] Level 1:colcon.colcon_core.package_identification:_identify(src) by extension 'colcon_meta'
[2.426s] Level 1:colcon.colcon_core.package_identification:_identify(src) by extensions ['ros']
[2.426s] Level 1:colcon.colcon_core.package_identification:_identify(src) by extension 'ros'
[2.427s] Level 1:colcon.colcon_core.package_identification:_identify(src) by extensions ['cmake', 'python']
[2.427s] Level 1:colcon.colcon_core.package_identification:_identify(src) by extension 'cmake'
[2.427s] Level 1:colcon.colcon_core.package_identification:_identify(src) by extension 'python'
[2.427s] Level 1:colcon.colcon_core.package_identification:_identify(src) by extensions ['python_setup_py']
[2.427s] Level 1:colcon.colcon_core.package_identification:_identify(src) by extension 'python_setup_py'
[2.428s] Level 1:colcon.colcon_core.package_identification:_identify(src/camera_pipelines) by extensions ['ignore', 'ignore_ament_install']
[2.428s] Level 1:colcon.colcon_core.package_identification:_identify(src/camera_pipelines) by extension 'ignore'
[2.428s] Level 1:colcon.colcon_core.package_identification:_identify(src/camera_pipelines) by extension 'ignore_ament_install'
[2.429s] Level 1:colcon.colcon_core.package_identification:_identify(src/camera_pipelines) by extensions ['colcon_pkg']
[2.429s] Level 1:colcon.colcon_core.package_identification:_identify(src/camera_pipelines) by extension 'colcon_pkg'
[2.429s] Level 1:colcon.colcon_core.package_identification:_identify(src/camera_pipelines) by extensions ['colcon_meta']
[2.429s] Level 1:colcon.colcon_core.package_identification:_identify(src/camera_pipelines) by extension 'colcon_meta'
[2.429s] Level 1:colcon.colcon_core.package_identification:_identify(src/camera_pipelines) by extensions ['ros']
[2.430s] Level 1:colcon.colcon_core.package_identification:_identify(src/camera_pipelines) by extension 'ros'
[2.441s] DEBUG:colcon.colcon_core.package_identification:Package 'src/camera_pipelines' with type 'ros.ament_python' and name 'camera_pipelines'
[2.441s] Level 1:colcon.colcon_core.package_identification:_identify(src/depthai_ros_driver) by extensions ['ignore', 'ignore_ament_install']
[2.442s] Level 1:colcon.colcon_core.package_identification:_identify(src/depthai_ros_driver) by extension 'ignore'
[2.442s] Level 1:colcon.colcon_core.package_identification:_identify(src/depthai_ros_driver) by extension 'ignore_ament_install'
[2.443s] Level 1:colcon.colcon_core.package_identification:_identify(src/depthai_ros_driver) by extensions ['colcon_pkg']
[2.443s] Level 1:colcon.colcon_core.package_identification:_identify(src/depthai_ros_driver) by extension 'colcon_pkg'
[2.443s] Level 1:colcon.colcon_core.package_identification:_identify(src/depthai_ros_driver) by extensions ['colcon_meta']
[2.443s] Level 1:colcon.colcon_core.package_identification:_identify(src/depthai_ros_driver) by extension 'colcon_meta'
[2.443s] Level 1:colcon.colcon_core.package_identification:_identify(src/depthai_ros_driver) by extensions ['ros']
[2.444s] Level 1:colcon.colcon_core.package_identification:_identify(src/depthai_ros_driver) by extension 'ros'
[2.454s] DEBUG:colcon.colcon_core.package_identification:Package 'src/depthai_ros_driver' with type 'ros.ament_cmake' and name 'depthai_ros_driver'
[2.455s] Level 1:colcon.colcon_core.package_identification:_identify(src/teleop_forklift_control) by extensions ['ignore', 'ignore_ament_install']
[2.455s] Level 1:colcon.colcon_core.package_identification:_identify(src/teleop_forklift_control) by extension 'ignore'
[2.455s] Level 1:colcon.colcon_core.package_identification:_identify(src/teleop_forklift_control) by extension 'ignore_ament_install'
[2.456s] Level 1:colcon.colcon_core.package_identification:_identify(src/teleop_forklift_control) by extensions ['colcon_pkg']
[2.456s] Level 1:colcon.colcon_core.package_identification:_identify(src/teleop_forklift_control) by extension 'colcon_pkg'
[2.456s] Level 1:colcon.colcon_core.package_identification:_identify(src/teleop_forklift_control) by extensions ['colcon_meta']
[2.456s] Level 1:colcon.colcon_core.package_identification:_identify(src/teleop_forklift_control) by extension 'colcon_meta'
[2.456s] Level 1:colcon.colcon_core.package_identification:_identify(src/teleop_forklift_control) by extensions ['ros']
[2.457s] Level 1:colcon.colcon_core.package_identification:_identify(src/teleop_forklift_control) by extension 'ros'
[2.459s] DEBUG:colcon.colcon_core.package_identification:Package 'src/teleop_forklift_control' with type 'ros.ament_python' and name 'teleop_forklift_control'
[2.459s] Level 1:colcon.colcon_core.package_discovery:discover_packages(recursive) using defaults
[2.459s] Level 1:colcon.colcon_core.package_discovery:discover_packages(ignore) discover
[2.459s] Level 1:colcon.colcon_core.package_discovery:discover_packages(ignore) using defaults
[2.459s] Level 1:colcon.colcon_core.package_discovery:discover_packages(path) discover
[2.460s] Level 1:colcon.colcon_core.package_discovery:discover_packages(path) using defaults
[2.589s] Level 1:colcon.colcon_core.package_discovery:discover_packages(prefix_path) check parameters
[2.589s] Level 1:colcon.colcon_core.package_discovery:discover_packages(prefix_path) discover
[2.604s] DEBUG:colcon.colcon_installed_package_information.package_discovery:Found 3 installed packages in /home/ubuntu/ros2_ws/install
[2.615s] DEBUG:colcon.colcon_installed_package_information.package_discovery:Found 296 installed packages in /opt/ros/humble
[2.657s] Level 1:colcon.colcon_core.package_discovery:discover_packages(prefix_path) using defaults
[2.834s] Level 5:colcon.colcon_core.verb:set package 'camera_pipelines' build argument 'cmake_args' from command line to 'None'
[2.834s] Level 5:colcon.colcon_core.verb:set package 'camera_pipelines' build argument 'cmake_target' from command line to 'None'
[2.834s] Level 5:colcon.colcon_core.verb:set package 'camera_pipelines' build argument 'cmake_target_skip_unavailable' from command line to 'False'
[2.834s] Level 5:colcon.colcon_core.verb:set package 'camera_pipelines' build argument 'cmake_clean_cache' from command line to 'False'
[2.834s] Level 5:colcon.colcon_core.verb:set package 'camera_pipelines' build argument 'cmake_clean_first' from command line to 'False'
[2.834s] Level 5:colcon.colcon_core.verb:set package 'camera_pipelines' build argument 'cmake_force_configure' from command line to 'False'
[2.834s] Level 5:colcon.colcon_core.verb:set package 'camera_pipelines' build argument 'ament_cmake_args' from command line to 'None'
[2.835s] Level 5:colcon.colcon_core.verb:set package 'camera_pipelines' build argument 'catkin_cmake_args' from command line to 'None'
[2.835s] Level 5:colcon.colcon_core.verb:set package 'camera_pipelines' build argument 'catkin_skip_building_tests' from command line to 'False'
[2.835s] DEBUG:colcon.colcon_core.verb:Building package 'camera_pipelines' with the following arguments: {'ament_cmake_args': None, 'build_base': '/home/ubuntu/ros2_ws/build/camera_pipelines', 'catkin_cmake_args': None, 'catkin_skip_building_tests': False, 'cmake_args': None, 'cmake_clean_cache': False, 'cmake_clean_first': False, 'cmake_force_configure': False, 'cmake_target': None, 'cmake_target_skip_unavailable': False, 'install_base': '/home/ubuntu/ros2_ws/install/camera_pipelines', 'merge_install': False, 'path': '/home/ubuntu/ros2_ws/src/camera_pipelines', 'symlink_install': False, 'test_result_base': None}
[2.836s] Level 5:colcon.colcon_core.verb:set package 'depthai_ros_driver' build argument 'cmake_args' from command line to 'None'
[2.837s] Level 5:colcon.colcon_core.verb:set package 'depthai_ros_driver' build argument 'cmake_target' from command line to 'None'
[2.837s] Level 5:colcon.colcon_core.verb:set package 'depthai_ros_driver' build argument 'cmake_target_skip_unavailable' from command line to 'False'
[2.837s] Level 5:colcon.colcon_core.verb:set package 'depthai_ros_driver' build argument 'cmake_clean_cache' from command line to 'False'
[2.837s] Level 5:colcon.colcon_core.verb:set package 'depthai_ros_driver' build argument 'cmake_clean_first' from command line to 'False'
[2.837s] Level 5:colcon.colcon_core.verb:set package 'depthai_ros_driver' build argument 'cmake_force_configure' from command line to 'False'
[2.837s] Level 5:colcon.colcon_core.verb:set package 'depthai_ros_driver' build argument 'ament_cmake_args' from command line to 'None'
[2.837s] Level 5:colcon.colcon_core.verb:set package 'depthai_ros_driver' build argument 'catkin_cmake_args' from command line to 'None'
[2.837s] Level 5:colcon.colcon_core.verb:set package 'depthai_ros_driver' build argument 'catkin_skip_building_tests' from command line to 'False'
[2.837s] DEBUG:colcon.colcon_core.verb:Building package 'depthai_ros_driver' with the following arguments: {'ament_cmake_args': None, 'build_base': '/home/ubuntu/ros2_ws/build/depthai_ros_driver', 'catkin_cmake_args': None, 'catkin_skip_building_tests': False, 'cmake_args': None, 'cmake_clean_cache': False, 'cmake_clean_first': False, 'cmake_force_configure': False, 'cmake_target': None, 'cmake_target_skip_unavailable': False, 'install_base': '/home/ubuntu/ros2_ws/install/depthai_ros_driver', 'merge_install': False, 'path': '/home/ubuntu/ros2_ws/src/depthai_ros_driver', 'symlink_install': False, 'test_result_base': None}
[2.839s] Level 5:colcon.colcon_core.verb:set package 'teleop_forklift_control' build argument 'cmake_args' from command line to 'None'
[2.839s] Level 5:colcon.colcon_core.verb:set package 'teleop_forklift_control' build argument 'cmake_target' from command line to 'None'
[2.839s] Level 5:colcon.colcon_core.verb:set package 'teleop_forklift_control' build argument 'cmake_target_skip_unavailable' from command line to 'False'
[2.839s] Level 5:colcon.colcon_core.verb:set package 'teleop_forklift_control' build argument 'cmake_clean_cache' from command line to 'False'
[2.839s] Level 5:colcon.colcon_core.verb:set package 'teleop_forklift_control' build argument 'cmake_clean_first' from command line to 'False'
[2.839s] Level 5:colcon.colcon_core.verb:set package 'teleop_forklift_control' build argument 'cmake_force_configure' from command line to 'False'
[2.840s] Level 5:colcon.colcon_core.verb:set package 'teleop_forklift_control' build argument 'ament_cmake_args' from command line to 'None'
[2.840s] Level 5:colcon.colcon_core.verb:set package 'teleop_forklift_control' build argument 'catkin_cmake_args' from command line to 'None'
[2.840s] Level 5:colcon.colcon_core.verb:set package 'teleop_forklift_control' build argument 'catkin_skip_building_tests' from command line to 'False'
[2.840s] DEBUG:colcon.colcon_core.verb:Building package 'teleop_forklift_control' with the following arguments: {'ament_cmake_args': None, 'build_base': '/home/ubuntu/ros2_ws/build/teleop_forklift_control', 'catkin_cmake_args': None, 'catkin_skip_building_tests': False, 'cmake_args': None, 'cmake_clean_cache': False, 'cmake_clean_first': False, 'cmake_force_configure': False, 'cmake_target': None, 'cmake_target_skip_unavailable': False, 'install_base': '/home/ubuntu/ros2_ws/install/teleop_forklift_control', 'merge_install': False, 'path': '/home/ubuntu/ros2_ws/src/teleop_forklift_control', 'symlink_install': False, 'test_result_base': None}
[2.841s] INFO:colcon.colcon_core.executor:Executing jobs using 'parallel' executor
[2.844s] DEBUG:colcon.colcon_parallel_executor.executor.parallel:run_until_complete
[2.845s] INFO:colcon.colcon_ros.task.ament_python.build:Building ROS package in '/home/ubuntu/ros2_ws/src/camera_pipelines' with build type 'ament_python'
[2.846s] Level 1:colcon.colcon_core.shell:create_environment_hook('camera_pipelines', 'ament_prefix_path')
[2.865s] INFO:colcon.colcon_core.plugin_system:Skipping extension 'colcon_core.shell.bat': Not used on non-Windows systems
[2.866s] INFO:colcon.colcon_core.shell:Creating environment hook '/home/ubuntu/ros2_ws/install/camera_pipelines/share/camera_pipelines/hook/ament_prefix_path.ps1'
[2.871s] INFO:colcon.colcon_core.shell:Creating environment descriptor '/home/ubuntu/ros2_ws/install/camera_pipelines/share/camera_pipelines/hook/ament_prefix_path.dsv'
[2.874s] INFO:colcon.colcon_core.shell:Creating environment hook '/home/ubuntu/ros2_ws/install/camera_pipelines/share/camera_pipelines/hook/ament_prefix_path.sh'
[2.879s] INFO:colcon.colcon_core.shell:Skip shell extension 'powershell' for command environment: Not usable outside of PowerShell
[2.879s] DEBUG:colcon.colcon_core.shell:Skip shell extension 'dsv' for command environment
[2.899s] INFO:colcon.colcon_ros.task.ament_cmake.build:Building ROS package in '/home/ubuntu/ros2_ws/src/depthai_ros_driver' with build type 'ament_cmake'
[2.899s] INFO:colcon.colcon_cmake.task.cmake.build:Building CMake package in '/home/ubuntu/ros2_ws/src/depthai_ros_driver'
[2.901s] INFO:colcon.colcon_core.shell:Skip shell extension 'powershell' for command environment: Not usable outside of PowerShell
[2.901s] DEBUG:colcon.colcon_core.shell:Skip shell extension 'dsv' for command environment
[2.920s] INFO:colcon.colcon_ros.task.ament_python.build:Building ROS package in '/home/ubuntu/ros2_ws/src/teleop_forklift_control' with build type 'ament_python'
[2.921s] Level 1:colcon.colcon_core.shell:create_environment_hook('teleop_forklift_control', 'ament_prefix_path')
[2.922s] INFO:colcon.colcon_core.shell:Creating environment hook '/home/ubuntu/ros2_ws/install/teleop_forklift_control/share/teleop_forklift_control/hook/ament_prefix_path.ps1'
[2.924s] INFO:colcon.colcon_core.shell:Creating environment descriptor '/home/ubuntu/ros2_ws/install/teleop_forklift_control/share/teleop_forklift_control/hook/ament_prefix_path.dsv'
[2.927s] INFO:colcon.colcon_core.shell:Creating environment hook '/home/ubuntu/ros2_ws/install/teleop_forklift_control/share/teleop_forklift_control/hook/ament_prefix_path.sh'
[2.930s] INFO:colcon.colcon_core.shell:Skip shell extension 'powershell' for command environment: Not usable outside of PowerShell
[2.931s] DEBUG:colcon.colcon_core.shell:Skip shell extension 'dsv' for command environment
[4.139s] INFO:colcon.colcon_core.task.python.build:Building Python package in '/home/ubuntu/ros2_ws/src/camera_pipelines'
[4.140s] INFO:colcon.colcon_core.shell:Skip shell extension 'powershell' for command environment: Not usable outside of PowerShell
[4.140s] DEBUG:colcon.colcon_core.shell:Skip shell extension 'dsv' for command environment
[4.172s] DEBUG:colcon.colcon_core.event_handler.log_command:Invoking command in '/home/ubuntu/ros2_ws/build/depthai_ros_driver': CMAKE_PREFIX_PATH=/home/ubuntu/ros2_ws/install/teleop_forklift_control:/home/ubuntu/ros2_ws/install/camera_pipelines:/opt/ros/humble /usr/bin/cmake --build /home/ubuntu/ros2_ws/build/depthai_ros_driver -- -j4 -l4
[5.735s] INFO:colcon.colcon_core.task.python.build:Building Python package in '/home/ubuntu/ros2_ws/src/teleop_forklift_control'
[5.736s] INFO:colcon.colcon_core.shell:Skip shell extension 'powershell' for command environment: Not usable outside of PowerShell
[5.737s] DEBUG:colcon.colcon_core.shell:Skip shell extension 'dsv' for command environment
[9.462s] DEBUG:colcon.colcon_core.event_handler.log_command:Invoking command in '/home/ubuntu/ros2_ws/src/teleop_forklift_control': PYTHONPATH=/home/ubuntu/ros2_ws/build/teleop_forklift_control/prefix_override:/usr/lib/python3/dist-packages/colcon_core/task/python/colcon_distutils_commands:/home/ubuntu/ros2_ws/install/teleop_forklift_control/lib/python3.10/site-packages:${PYTHONPATH} /usr/bin/python3 -W ignore:setup.py install is deprecated -W ignore:easy_install command is deprecated setup.py egg_info --egg-base ../../build/teleop_forklift_control build --build-base /home/ubuntu/ros2_ws/build/teleop_forklift_control/build install --record /home/ubuntu/ros2_ws/build/teleop_forklift_control/install.log --single-version-externally-managed install_data
[9.596s] DEBUG:colcon.colcon_core.event_handler.log_command:Invoking command in '/home/ubuntu/ros2_ws/src/camera_pipelines': PYTHONPATH=/home/ubuntu/ros2_ws/build/camera_pipelines/prefix_override:/usr/lib/python3/dist-packages/colcon_core/task/python/colcon_distutils_commands:/home/ubuntu/ros2_ws/install/camera_pipelines/lib/python3.10/site-packages:${PYTHONPATH} /usr/bin/python3 -W ignore:setup.py install is deprecated -W ignore:easy_install command is deprecated setup.py egg_info --egg-base ../../build/camera_pipelines build --build-base /home/ubuntu/ros2_ws/build/camera_pipelines/build install --record /home/ubuntu/ros2_ws/build/camera_pipelines/install.log --single-version-externally-managed install_data
[12.376s] DEBUG:colcon.colcon_core.event_handler.log_command:Invoked command in '/home/ubuntu/ros2_ws/src/teleop_forklift_control' returned '0': PYTHONPATH=/home/ubuntu/ros2_ws/build/teleop_forklift_control/prefix_override:/usr/lib/python3/dist-packages/colcon_core/task/python/colcon_distutils_commands:/home/ubuntu/ros2_ws/install/teleop_forklift_control/lib/python3.10/site-packages:${PYTHONPATH} /usr/bin/python3 -W ignore:setup.py install is deprecated -W ignore:easy_install command is deprecated setup.py egg_info --egg-base ../../build/teleop_forklift_control build --build-base /home/ubuntu/ros2_ws/build/teleop_forklift_control/build install --record /home/ubuntu/ros2_ws/build/teleop_forklift_control/install.log --single-version-externally-managed install_data
[12.457s] Level 1:colcon.colcon_core.environment:checking '/home/ubuntu/ros2_ws/install/teleop_forklift_control' for CMake module files
[12.461s] Level 1:colcon.colcon_core.environment:checking '/home/ubuntu/ros2_ws/install/teleop_forklift_control' for CMake config files
[12.471s] Level 1:colcon.colcon_core.environment:checking '/home/ubuntu/ros2_ws/install/teleop_forklift_control/lib'
[12.481s] Level 1:colcon.colcon_core.environment:checking '/home/ubuntu/ros2_ws/install/teleop_forklift_control/bin'
[12.483s] Level 1:colcon.colcon_core.environment:checking '/home/ubuntu/ros2_ws/install/teleop_forklift_control/lib/pkgconfig/teleop_forklift_control.pc'
[12.494s] Level 1:colcon.colcon_core.environment:checking '/home/ubuntu/ros2_ws/install/teleop_forklift_control/lib/python3.10/site-packages'
[12.495s] Level 1:colcon.colcon_core.shell:create_environment_hook('teleop_forklift_control', 'pythonpath')
[12.497s] INFO:colcon.colcon_core.shell:Creating environment hook '/home/ubuntu/ros2_ws/install/teleop_forklift_control/share/teleop_forklift_control/hook/pythonpath.ps1'
[12.502s] INFO:colcon.colcon_core.shell:Creating environment descriptor '/home/ubuntu/ros2_ws/install/teleop_forklift_control/share/teleop_forklift_control/hook/pythonpath.dsv'
[12.518s] INFO:colcon.colcon_core.shell:Creating environment hook '/home/ubuntu/ros2_ws/install/teleop_forklift_control/share/teleop_forklift_control/hook/pythonpath.sh'
[12.530s] Level 1:colcon.colcon_core.environment:checking '/home/ubuntu/ros2_ws/install/teleop_forklift_control/bin'
[12.531s] Level 1:colcon.colcon_core.environment:create_environment_scripts_only(teleop_forklift_control)
[12.533s] INFO:colcon.colcon_core.shell:Creating package script '/home/ubuntu/ros2_ws/install/teleop_forklift_control/share/teleop_forklift_control/package.ps1'
[12.565s] INFO:colcon.colcon_core.shell:Creating package descriptor '/home/ubuntu/ros2_ws/install/teleop_forklift_control/share/teleop_forklift_control/package.dsv'
[12.586s] INFO:colcon.colcon_core.shell:Creating package script '/home/ubuntu/ros2_ws/install/teleop_forklift_control/share/teleop_forklift_control/package.sh'
[12.605s] INFO:colcon.colcon_core.shell:Creating package script '/home/ubuntu/ros2_ws/install/teleop_forklift_control/share/teleop_forklift_control/package.bash'
[12.612s] INFO:colcon.colcon_core.shell:Creating package script '/home/ubuntu/ros2_ws/install/teleop_forklift_control/share/teleop_forklift_control/package.zsh'
[12.620s] Level 1:colcon.colcon_core.environment:create_file_with_runtime_dependencies(/home/ubuntu/ros2_ws/install/teleop_forklift_control/share/colcon-core/packages/teleop_forklift_control)
[13.839s] Level 1:colcon.colcon_core.environment:checking '/home/ubuntu/ros2_ws/install/camera_pipelines' for CMake module files
[13.842s] Level 1:colcon.colcon_core.environment:checking '/home/ubuntu/ros2_ws/install/camera_pipelines' for CMake config files
[13.846s] DEBUG:colcon.colcon_core.event_handler.log_command:Invoked command in '/home/ubuntu/ros2_ws/src/camera_pipelines' returned '0': PYTHONPATH=/home/ubuntu/ros2_ws/build/camera_pipelines/prefix_override:/usr/lib/python3/dist-packages/colcon_core/task/python/colcon_distutils_commands:/home/ubuntu/ros2_ws/install/camera_pipelines/lib/python3.10/site-packages:${PYTHONPATH} /usr/bin/python3 -W ignore:setup.py install is deprecated -W ignore:easy_install command is deprecated setup.py egg_info --egg-base ../../build/camera_pipelines build --build-base /home/ubuntu/ros2_ws/build/camera_pipelines/build install --record /home/ubuntu/ros2_ws/build/camera_pipelines/install.log --single-version-externally-managed install_data
[13.849s] Level 1:colcon.colcon_core.environment:checking '/home/ubuntu/ros2_ws/install/camera_pipelines/lib'
[13.854s] Level 1:colcon.colcon_core.environment:checking '/home/ubuntu/ros2_ws/install/camera_pipelines/bin'
[13.855s] Level 1:colcon.colcon_core.environment:checking '/home/ubuntu/ros2_ws/install/camera_pipelines/lib/pkgconfig/camera_pipelines.pc'
[13.857s] Level 1:colcon.colcon_core.environment:checking '/home/ubuntu/ros2_ws/install/camera_pipelines/lib/python3.10/site-packages'
[13.858s] Level 1:colcon.colcon_core.shell:create_environment_hook('camera_pipelines', 'pythonpath')
[13.861s] INFO:colcon.colcon_core.shell:Creating environment hook '/home/ubuntu/ros2_ws/install/camera_pipelines/share/camera_pipelines/hook/pythonpath.ps1'
[13.867s] INFO:colcon.colcon_core.shell:Creating environment descriptor '/home/ubuntu/ros2_ws/install/camera_pipelines/share/camera_pipelines/hook/pythonpath.dsv'
[13.873s] INFO:colcon.colcon_core.shell:Creating environment hook '/home/ubuntu/ros2_ws/install/camera_pipelines/share/camera_pipelines/hook/pythonpath.sh'
[13.879s] Level 1:colcon.colcon_core.environment:checking '/home/ubuntu/ros2_ws/install/camera_pipelines/bin'
[13.881s] Level 1:colcon.colcon_core.environment:create_environment_scripts_only(camera_pipelines)
[13.883s] INFO:colcon.colcon_core.shell:Creating package script '/home/ubuntu/ros2_ws/install/camera_pipelines/share/camera_pipelines/package.ps1'
[13.888s] INFO:colcon.colcon_core.shell:Creating package descriptor '/home/ubuntu/ros2_ws/install/camera_pipelines/share/camera_pipelines/package.dsv'
[13.892s] INFO:colcon.colcon_core.shell:Creating package script '/home/ubuntu/ros2_ws/install/camera_pipelines/share/camera_pipelines/package.sh'
[13.899s] INFO:colcon.colcon_core.shell:Creating package script '/home/ubuntu/ros2_ws/install/camera_pipelines/share/camera_pipelines/package.bash'
[13.904s] INFO:colcon.colcon_core.shell:Creating package script '/home/ubuntu/ros2_ws/install/camera_pipelines/share/camera_pipelines/package.zsh'
[13.908s] Level 1:colcon.colcon_core.environment:create_file_with_runtime_dependencies(/home/ubuntu/ros2_ws/install/camera_pipelines/share/colcon-core/packages/camera_pipelines)
