running egg_info
writing ../../build/teleop_forklift_control/teleop_forklift_control.egg-info/PKG-INFO
writing dependency_links to ../../build/teleop_forklift_control/teleop_forklift_control.egg-info/dependency_links.txt
writing entry points to ../../build/teleop_forklift_control/teleop_forklift_control.egg-info/entry_points.txt
writing requirements to ../../build/teleop_forklift_control/teleop_forklift_control.egg-info/requires.txt
writing top-level names to ../../build/teleop_forklift_control/teleop_forklift_control.egg-info/top_level.txt
reading manifest file '../../build/teleop_forklift_control/teleop_forklift_control.egg-info/SOURCES.txt'
writing manifest file '../../build/teleop_forklift_control/teleop_forklift_control.egg-info/SOURCES.txt'
running build
running build_py
copying teleop_forklift_control/scripts/wheel_tracker_node.launch.py -> /home/ubuntu/ros2_ws/build/teleop_forklift_control/build/lib/teleop_forklift_control/scripts
running install
running install_lib
copying /home/ubuntu/ros2_ws/build/teleop_forklift_control/build/lib/teleop_forklift_control/scripts/wheel_tracker_node.launch.py -> /home/ubuntu/ros2_ws/install/teleop_forklift_control/lib/python3.10/site-packages/teleop_forklift_control/scripts
byte-compiling /home/ubuntu/ros2_ws/install/teleop_forklift_control/lib/python3.10/site-packages/teleop_forklift_control/scripts/wheel_tracker_node.launch.py to wheel_tracker_node.launch.cpython-310.pyc
running install_data
copying package.xml -> /home/ubuntu/ros2_ws/install/teleop_forklift_control/share/teleop_forklift_control
copying launch/forklift_teleop.launch.py -> /home/ubuntu/ros2_ws/install/teleop_forklift_control/share/teleop_forklift_control/launch
running install_egg_info
removing '/home/ubuntu/ros2_ws/install/teleop_forklift_control/lib/python3.10/site-packages/teleop_forklift_control-0.0.1-py3.10.egg-info' (and everything under it)
Copying ../../build/teleop_forklift_control/teleop_forklift_control.egg-info to /home/ubuntu/ros2_ws/install/teleop_forklift_control/lib/python3.10/site-packages/teleop_forklift_control-0.0.1-py3.10.egg-info
running install_scripts
Installing main script to /home/ubuntu/ros2_ws/install/teleop_forklift_control/lib/teleop_forklift_control
Installing wheel_tracker script to /home/ubuntu/ros2_ws/install/teleop_forklift_control/lib/teleop_forklift_control
writing list of installed files to '/home/ubuntu/ros2_ws/build/teleop_forklift_control/install.log'
