[0.033s] Invoking command in '/home/ubuntu/ros2_ws/build/depthai_ros_driver': CMAKE_PREFIX_PATH=/opt/ros/humble /usr/bin/cmake /home/ubuntu/ros2_ws/src/depthai_ros_driver -DCMAKE_BUILD_TYPE=Release -DCMAKE_INSTALL_PREFIX=/home/ubuntu/ros2_ws/install/depthai_ros_driver
[0.076s] -- Found ament_cmake_auto: 1.3.11 (/opt/ros/humble/share/ament_cmake_auto/cmake)
[1.365s] -- Found rosidl_generator_c: 3.1.6 (/opt/ros/humble/share/rosidl_generator_c/cmake)
[1.381s] -- Found rosidl_adapter: 3.1.6 (/opt/ros/humble/share/rosidl_adapter/cmake)
[1.422s] -- Found rosidl_generator_cpp: 3.1.6 (/opt/ros/humble/share/rosidl_generator_cpp/cmake)
[1.483s] -- Using all available rosidl_typesupport_c: rosidl_typesupport_fastrtps_c;rosidl_typesupport_introspection_c
[1.556s] -- Using all available rosidl_typesupport_cpp: rosidl_typesupport_fastrtps_cpp;rosidl_typesupport_introspection_cpp
[1.751s] -- Found rmw_implementation_cmake: 6.1.2 (/opt/ros/humble/share/rmw_implementation_cmake/cmake)
[1.763s] -- Found rmw_fastrtps_cpp: 6.2.7 (/opt/ros/humble/share/rmw_fastrtps_cpp/cmake)
[2.642s] -- Using RMW implementation 'rmw_fastrtps_cpp' as default
[4.324s] -- Found eigen3_cmake_module: 0.1.1 (/opt/ros/humble/share/eigen3_cmake_module/cmake)
[4.332s] -- Ensuring Eigen3 include directory is part of orocos-kdl CMake target
[4.641s] -- Configuring done
[5.027s] -- Generating done
[5.103s] -- Build files have been written to: /home/ubuntu/ros2_ws/build/depthai_ros_driver
[5.145s] Invoked command in '/home/ubuntu/ros2_ws/build/depthai_ros_driver' returned '0': CMAKE_PREFIX_PATH=/opt/ros/humble /usr/bin/cmake /home/ubuntu/ros2_ws/src/depthai_ros_driver -DCMAKE_BUILD_TYPE=Release -DCMAKE_INSTALL_PREFIX=/home/ubuntu/ros2_ws/install/depthai_ros_driver
[5.154s] Invoking command in '/home/ubuntu/ros2_ws/build/depthai_ros_driver': CMAKE_PREFIX_PATH=/opt/ros/humble /usr/bin/cmake --build /home/ubuntu/ros2_ws/build/depthai_ros_driver -- -j4 -l4
[5.385s] [  2%] [32mBuilding CXX object CMakeFiles/depthai_ros_driver_common.dir/src/utils.cpp.o[0m
[5.387s] [  5%] [32mBuilding CXX object CMakeFiles/depthai_ros_driver_common.dir/src/dai_nodes/base_node.cpp.o[0m
[5.389s] [  8%] [32mBuilding CXX object CMakeFiles/depthai_ros_driver_common.dir/src/dai_nodes/sys_logger.cpp.o[0m
[5.411s] [  8%] Built target ament_cmake_python_copy_depthai_ros_driver
[5.445s] [ 11%] [32mBuilding CXX object CMakeFiles/depthai_ros_driver_common.dir/src/dai_nodes/sensors/img_pub.cpp.o[0m
