[1.265s] Invoking command in '/home/ubuntu/ros2_ws/build/depthai_ros_driver': CMAKE_PREFIX_PATH=/home/ubuntu/ros2_ws/install/teleop_forklift_control:/opt/ros/humble /usr/bin/cmake /home/ubuntu/ros2_ws/src/depthai_ros_driver -DCMAKE_INSTALL_PREFIX=/home/ubuntu/ros2_ws/install/depthai_ros_driver
[2.313s] -- The C compiler identification is GNU 11.4.0
[3.029s] -- The CXX compiler identification is GNU 11.4.0
[3.081s] -- Detecting C compiler ABI info
[3.468s] -- Detecting C compiler ABI info - done
[3.500s] -- Check for working C compiler: /usr/bin/cc - skipped
[3.502s] -- Detecting C compile features
[3.506s] -- Detecting C compile features - done
[3.522s] -- Detecting CXX compiler ABI info
[3.916s] -- Detecting CXX compiler ABI info - done
[3.951s] -- Check for working CXX compiler: /usr/bin/c++ - skipped
[3.954s] -- Detecting CXX compile features
[3.958s] -- Detecting CXX compile features - done
[3.991s] -- Found ament_cmake_auto: 1.3.11 (/opt/ros/humble/share/ament_cmake_auto/cmake)
[4.893s] -- Found Python3: /usr/bin/python3 (found version "3.10.12") found components: Interpreter 
[6.949s] -- Found rosidl_generator_c: 3.1.6 (/opt/ros/humble/share/rosidl_generator_c/cmake)
[7.011s] -- Found rosidl_adapter: 3.1.6 (/opt/ros/humble/share/rosidl_adapter/cmake)
[7.087s] -- Found rosidl_generator_cpp: 3.1.6 (/opt/ros/humble/share/rosidl_generator_cpp/cmake)
[7.189s] -- Using all available rosidl_typesupport_c: rosidl_typesupport_fastrtps_c;rosidl_typesupport_introspection_c
[7.319s] -- Using all available rosidl_typesupport_cpp: rosidl_typesupport_fastrtps_cpp;rosidl_typesupport_introspection_cpp
[7.697s] -- Found rmw_implementation_cmake: 6.1.2 (/opt/ros/humble/share/rmw_implementation_cmake/cmake)
[7.731s] -- Found rmw_fastrtps_cpp: 6.2.7 (/opt/ros/humble/share/rmw_fastrtps_cpp/cmake)
[8.322s] -- Found OpenSSL: /usr/lib/aarch64-linux-gnu/libcrypto.so (found version "3.0.2")  
[8.551s] -- Found FastRTPS: /opt/ros/humble/include  
[8.911s] -- Using RMW implementation 'rmw_fastrtps_cpp' as default
[9.010s] -- Looking for pthread.h
[9.402s] -- Looking for pthread.h - found
[9.404s] -- Performing Test CMAKE_HAVE_LIBC_PTHREAD
[9.730s] -- Performing Test CMAKE_HAVE_LIBC_PTHREAD - Success
[9.735s] -- Found Threads: TRUE  
[12.478s] [31mCMake Error at /opt/ros/humble/share/ament_cmake_target_dependencies/cmake/ament_target_dependencies.cmake:77 (message):
[12.479s]   ament_target_dependencies() the passed package name 'camera_info_manager'
[12.479s]   was not found before
[12.479s] Call Stack (most recent call first):
[12.480s]   CMakeLists.txt:83 (ament_target_dependencies)
[12.480s] 
[12.482s] [0m
[12.482s] -- Configuring incomplete, errors occurred!
[12.483s] See also "/home/ubuntu/ros2_ws/build/depthai_ros_driver/CMakeFiles/CMakeOutput.log".
[12.516s] Invoked command in '/home/ubuntu/ros2_ws/build/depthai_ros_driver' returned '1': CMAKE_PREFIX_PATH=/home/ubuntu/ros2_ws/install/teleop_forklift_control:/opt/ros/humble /usr/bin/cmake /home/ubuntu/ros2_ws/src/depthai_ros_driver -DCMAKE_INSTALL_PREFIX=/home/ubuntu/ros2_ws/install/depthai_ros_driver
