[0.030s] Invoking command in '/home/ubuntu/ros2_ws/build/depthai_ros_driver': /usr/bin/cmake /home/ubuntu/ros2_ws/src/depthai_ros_driver -DCMAKE_BUILD_TYPE=Release -DCMAKE_INSTALL_PREFIX=/home/ubuntu/ros2_ws/install/depthai_ros_driver
[0.391s] -- Found ament_cmake_auto: 1.3.11 (/opt/ros/humble/share/ament_cmake_auto/cmake)
[1.008s] Traceback (most recent call last):
[1.010s]   File "/opt/ros/humble/share/ament_cmake_core/cmake/package_templates/templates_2_cmake.py", line 21, in <module>
[1.011s]     from ament_package.templates import get_environment_hook_template_path
[1.012s] ModuleNotFoundError: No module named 'ament_package'
[1.070s] [31mCMake Error at /opt/ros/humble/share/ament_cmake_core/cmake/ament_cmake_package_templates-extras.cmake:41 (message):
[1.070s]   execute_process(/usr/bin/python3
[1.071s]   /opt/ros/humble/share/ament_cmake_core/cmake/package_templates/templates_2_cmake.py
[1.071s]   /home/ubuntu/ros2_ws/build/depthai_ros_driver/ament_cmake_package_templates/templates.cmake)
[1.071s]   returned error code 1
[1.072s] Call Stack (most recent call first):
[1.072s]   /opt/ros/humble/share/ament_cmake_core/cmake/ament_cmake_coreConfig.cmake:41 (include)
[1.072s]   /opt/ros/humble/share/ament_cmake/cmake/ament_cmake_export_dependencies-extras.cmake:15 (find_package)
[1.073s]   /opt/ros/humble/share/ament_cmake/cmake/ament_cmakeConfig.cmake:41 (include)
[1.073s]   /opt/ros/humble/share/ament_cmake_auto/cmake/ament_cmake_auto-extras.cmake:17 (find_package)
[1.073s]   /opt/ros/humble/share/ament_cmake_auto/cmake/ament_cmake_autoConfig.cmake:41 (include)
[1.074s]   CMakeLists.txt:20 (find_package)
[1.074s] 
[1.075s] [0m
[1.076s] -- Configuring incomplete, errors occurred!
[1.076s] See also "/home/ubuntu/ros2_ws/build/depthai_ros_driver/CMakeFiles/CMakeOutput.log".
[1.101s] Invoked command in '/home/ubuntu/ros2_ws/build/depthai_ros_driver' returned '1': /usr/bin/cmake /home/ubuntu/ros2_ws/src/depthai_ros_driver -DCMAKE_BUILD_TYPE=Release -DCMAKE_INSTALL_PREFIX=/home/ubuntu/ros2_ws/install/depthai_ros_driver
