/home/ubuntu/ros2_ws/install/teleop_forklift_control/lib/python3.10/site-packages/teleop_forklift_control/__init__.py
/home/ubuntu/ros2_ws/install/teleop_forklift_control/lib/python3.10/site-packages/teleop_forklift_control/controller_depends/drive_controller.py
/home/ubuntu/ros2_ws/install/teleop_forklift_control/lib/python3.10/site-packages/teleop_forklift_control/controller_depends/__init__.py
/home/ubuntu/ros2_ws/install/teleop_forklift_control/lib/python3.10/site-packages/teleop_forklift_control/controller_depends/input_listener.py
/home/ubuntu/ros2_ws/install/teleop_forklift_control/lib/python3.10/site-packages/teleop_forklift_control/controller_depends/wheel_tracker.py
/home/ubuntu/ros2_ws/install/teleop_forklift_control/lib/python3.10/site-packages/teleop_forklift_control/controller_depends/lift_controller.py
/home/ubuntu/ros2_ws/install/teleop_forklift_control/lib/python3.10/site-packages/teleop_forklift_control/scripts/__init__.py
/home/ubuntu/ros2_ws/install/teleop_forklift_control/lib/python3.10/site-packages/teleop_forklift_control/scripts/main.py
/home/ubuntu/ros2_ws/install/teleop_forklift_control/lib/python3.10/site-packages/teleop_forklift_control/scripts/wheel_tracker_node.launch.py
/home/ubuntu/ros2_ws/install/teleop_forklift_control/lib/python3.10/site-packages/teleop_forklift_control/__pycache__/__init__.cpython-310.pyc
/home/ubuntu/ros2_ws/install/teleop_forklift_control/lib/python3.10/site-packages/teleop_forklift_control/controller_depends/__pycache__/drive_controller.cpython-310.pyc
/home/ubuntu/ros2_ws/install/teleop_forklift_control/lib/python3.10/site-packages/teleop_forklift_control/controller_depends/__pycache__/__init__.cpython-310.pyc
/home/ubuntu/ros2_ws/install/teleop_forklift_control/lib/python3.10/site-packages/teleop_forklift_control/controller_depends/__pycache__/input_listener.cpython-310.pyc
/home/ubuntu/ros2_ws/install/teleop_forklift_control/lib/python3.10/site-packages/teleop_forklift_control/controller_depends/__pycache__/wheel_tracker.cpython-310.pyc
/home/ubuntu/ros2_ws/install/teleop_forklift_control/lib/python3.10/site-packages/teleop_forklift_control/controller_depends/__pycache__/lift_controller.cpython-310.pyc
/home/ubuntu/ros2_ws/install/teleop_forklift_control/lib/python3.10/site-packages/teleop_forklift_control/scripts/__pycache__/__init__.cpython-310.pyc
/home/ubuntu/ros2_ws/install/teleop_forklift_control/lib/python3.10/site-packages/teleop_forklift_control/scripts/__pycache__/main.cpython-310.pyc
/home/ubuntu/ros2_ws/install/teleop_forklift_control/lib/python3.10/site-packages/teleop_forklift_control/scripts/__pycache__/wheel_tracker_node.launch.cpython-310.pyc
/home/ubuntu/ros2_ws/install/teleop_forklift_control/share/ament_index/resource_index/packages/teleop_forklift_control
/home/ubuntu/ros2_ws/install/teleop_forklift_control/share/teleop_forklift_control/package.xml
/home/ubuntu/ros2_ws/install/teleop_forklift_control/share/teleop_forklift_control/launch/forklift_teleop.launch.py
/home/ubuntu/ros2_ws/install/teleop_forklift_control/lib/python3.10/site-packages/teleop_forklift_control-0.0.1-py3.10.egg-info/PKG-INFO
/home/ubuntu/ros2_ws/install/teleop_forklift_control/lib/python3.10/site-packages/teleop_forklift_control-0.0.1-py3.10.egg-info/top_level.txt
/home/ubuntu/ros2_ws/install/teleop_forklift_control/lib/python3.10/site-packages/teleop_forklift_control-0.0.1-py3.10.egg-info/SOURCES.txt
/home/ubuntu/ros2_ws/install/teleop_forklift_control/lib/python3.10/site-packages/teleop_forklift_control-0.0.1-py3.10.egg-info/entry_points.txt
/home/ubuntu/ros2_ws/install/teleop_forklift_control/lib/python3.10/site-packages/teleop_forklift_control-0.0.1-py3.10.egg-info/requires.txt
/home/ubuntu/ros2_ws/install/teleop_forklift_control/lib/python3.10/site-packages/teleop_forklift_control-0.0.1-py3.10.egg-info/dependency_links.txt
/home/ubuntu/ros2_ws/install/teleop_forklift_control/lib/python3.10/site-packages/teleop_forklift_control-0.0.1-py3.10.egg-info/zip-safe
/home/ubuntu/ros2_ws/install/teleop_forklift_control/lib/teleop_forklift_control/main
/home/ubuntu/ros2_ws/install/teleop_forklift_control/lib/teleop_forklift_control/wheel_tracker
