[1.257s] Invoking command in '/home/ubuntu/ros2_ws/build/depthai_ros_driver': CMAKE_PREFIX_PATH=/home/ubuntu/ros2_ws/install/camera_pipelines:/home/ubuntu/ros2_ws/install/teleop_forklift_control:/opt/ros/humble /usr/bin/cmake /home/ubuntu/ros2_ws/src/depthai_ros_driver -DCMAKE_INSTALL_PREFIX=/home/ubuntu/ros2_ws/install/depthai_ros_driver
[1.315s] -- Found ament_cmake_auto: 1.3.11 (/opt/ros/humble/share/ament_cmake_auto/cmake)
[2.571s] -- Found rosidl_generator_c: 3.1.6 (/opt/ros/humble/share/rosidl_generator_c/cmake)
[2.588s] -- Found rosidl_adapter: 3.1.6 (/opt/ros/humble/share/rosidl_adapter/cmake)
[2.626s] -- Found rosidl_generator_cpp: 3.1.6 (/opt/ros/humble/share/rosidl_generator_cpp/cmake)
[2.676s] -- Using all available rosidl_typesupport_c: rosidl_typesupport_fastrtps_c;rosidl_typesupport_introspection_c
[2.736s] -- Using all available rosidl_typesupport_cpp: rosidl_typesupport_fastrtps_cpp;rosidl_typesupport_introspection_cpp
[2.903s] -- Found rmw_implementation_cmake: 6.1.2 (/opt/ros/humble/share/rmw_implementation_cmake/cmake)
[2.912s] -- Found rmw_fastrtps_cpp: 6.2.7 (/opt/ros/humble/share/rmw_fastrtps_cpp/cmake)
[3.782s] -- Using RMW implementation 'rmw_fastrtps_cpp' as default
[6.142s] [31mCMake Error at /opt/ros/humble/share/ament_cmake_target_dependencies/cmake/ament_target_dependencies.cmake:77 (message):
[6.143s]   ament_target_dependencies() the passed package name 'camera_info_manager'
[6.145s]   was not found before
[6.150s] Call Stack (most recent call first):
[6.152s]   CMakeLists.txt:83 (ament_target_dependencies)
[6.154s] 
[6.156s] [0m
[6.158s] -- Configuring incomplete, errors occurred!
[6.160s] See also "/home/ubuntu/ros2_ws/build/depthai_ros_driver/CMakeFiles/CMakeOutput.log".
[6.205s] Invoked command in '/home/ubuntu/ros2_ws/build/depthai_ros_driver' returned '1': CMAKE_PREFIX_PATH=/home/ubuntu/ros2_ws/install/camera_pipelines:/home/ubuntu/ros2_ws/install/teleop_forklift_control:/opt/ros/humble /usr/bin/cmake /home/ubuntu/ros2_ws/src/depthai_ros_driver -DCMAKE_INSTALL_PREFIX=/home/ubuntu/ros2_ws/install/depthai_ros_driver
