[2.273s] Invoking command in '/home/ubuntu/ros2_ws/src/camera_pipelines': PYTHONPATH=/home/ubuntu/ros2_ws/build/camera_pipelines/prefix_override:/usr/lib/python3/dist-packages/colcon_core/task/python/colcon_distutils_commands:/home/ubuntu/ros2_ws/install/camera_pipelines/lib/python3.10/site-packages: /usr/bin/python3 -W ignore:setup.py install is deprecated -W ignore:easy_install command is deprecated setup.py egg_info --egg-base ../../build/camera_pipelines build --build-base /home/ubuntu/ros2_ws/build/camera_pipelines/build install --record /home/ubuntu/ros2_ws/build/camera_pipelines/install.log --single-version-externally-managed install_data
[3.094s] running egg_info
[3.096s] writing ../../build/camera_pipelines/camera_pipelines.egg-info/PKG-INFO
[3.097s] writing dependency_links to ../../build/camera_pipelines/camera_pipelines.egg-info/dependency_links.txt
[3.098s] writing entry points to ../../build/camera_pipelines/camera_pipelines.egg-info/entry_points.txt
[3.099s] writing requirements to ../../build/camera_pipelines/camera_pipelines.egg-info/requires.txt
[3.100s] writing top-level names to ../../build/camera_pipelines/camera_pipelines.egg-info/top_level.txt
[3.106s] reading manifest file '../../build/camera_pipelines/camera_pipelines.egg-info/SOURCES.txt'
[3.110s] writing manifest file '../../build/camera_pipelines/camera_pipelines.egg-info/SOURCES.txt'
[3.111s] running build
[3.111s] running build_py
[3.112s] running install
[3.113s] running install_lib
[3.118s] running install_data
[3.119s] running install_egg_info
[3.125s] removing '/home/ubuntu/ros2_ws/install/camera_pipelines/lib/python3.10/site-packages/camera_pipelines-0.0.0-py3.10.egg-info' (and everything under it)
[3.127s] Copying ../../build/camera_pipelines/camera_pipelines.egg-info to /home/ubuntu/ros2_ws/install/camera_pipelines/lib/python3.10/site-packages/camera_pipelines-0.0.0-py3.10.egg-info
[3.132s] running install_scripts
[3.208s] writing list of installed files to '/home/ubuntu/ros2_ws/build/camera_pipelines/install.log'
[3.322s] Invoked command in '/home/ubuntu/ros2_ws/src/camera_pipelines' returned '0': PYTHONPATH=/home/ubuntu/ros2_ws/build/camera_pipelines/prefix_override:/usr/lib/python3/dist-packages/colcon_core/task/python/colcon_distutils_commands:/home/ubuntu/ros2_ws/install/camera_pipelines/lib/python3.10/site-packages: /usr/bin/python3 -W ignore:setup.py install is deprecated -W ignore:easy_install command is deprecated setup.py egg_info --egg-base ../../build/camera_pipelines build --build-base /home/ubuntu/ros2_ws/build/camera_pipelines/build install --record /home/ubuntu/ros2_ws/build/camera_pipelines/install.log --single-version-externally-managed install_data
