[4.794s] Invoking command in '/home/ubuntu/ros2_ws/src/teleop_forklift_control': PYTHONPATH=/home/ubuntu/ros2_ws/build/teleop_forklift_control/prefix_override:/usr/lib/python3/dist-packages/colcon_core/task/python/colcon_distutils_commands:/home/ubuntu/ros2_ws/install/teleop_forklift_control/lib/python3.10/site-packages:${PYTHONPATH} /usr/bin/python3 -W ignore:setup.py install is deprecated -W ignore:easy_install command is deprecated setup.py egg_info --egg-base ../../build/teleop_forklift_control build --build-base /home/ubuntu/ros2_ws/build/teleop_forklift_control/build install --record /home/ubuntu/ros2_ws/build/teleop_forklift_control/install.log --single-version-externally-managed install_data
[6.102s] running egg_info
[6.105s] writing ../../build/teleop_forklift_control/teleop_forklift_control.egg-info/PKG-INFO
[6.127s] writing dependency_links to ../../build/teleop_forklift_control/teleop_forklift_control.egg-info/dependency_links.txt
[6.145s] writing entry points to ../../build/teleop_forklift_control/teleop_forklift_control.egg-info/entry_points.txt
[6.164s] writing requirements to ../../build/teleop_forklift_control/teleop_forklift_control.egg-info/requires.txt
[6.198s] writing top-level names to ../../build/teleop_forklift_control/teleop_forklift_control.egg-info/top_level.txt
[6.227s] reading manifest file '../../build/teleop_forklift_control/teleop_forklift_control.egg-info/SOURCES.txt'
[6.232s] writing manifest file '../../build/teleop_forklift_control/teleop_forklift_control.egg-info/SOURCES.txt'
[6.252s] running build
[6.253s] running build_py
[6.258s] running install
[6.259s] running install_lib
[6.269s] running install_data
[6.269s] running install_egg_info
[6.283s] removing '/home/ubuntu/ros2_ws/install/teleop_forklift_control/lib/python3.10/site-packages/teleop_forklift_control-0.0.1-py3.10.egg-info' (and everything under it)
[6.285s] Copying ../../build/teleop_forklift_control/teleop_forklift_control.egg-info to /home/ubuntu/ros2_ws/install/teleop_forklift_control/lib/python3.10/site-packages/teleop_forklift_control-0.0.1-py3.10.egg-info
[6.293s] running install_scripts
[6.383s] Installing main script to /home/ubuntu/ros2_ws/install/teleop_forklift_control/lib/teleop_forklift_control
[6.406s] writing list of installed files to '/home/ubuntu/ros2_ws/build/teleop_forklift_control/install.log'
[6.868s] Invoked command in '/home/ubuntu/ros2_ws/src/teleop_forklift_control' returned '0': PYTHONPATH=/home/ubuntu/ros2_ws/build/teleop_forklift_control/prefix_override:/usr/lib/python3/dist-packages/colcon_core/task/python/colcon_distutils_commands:/home/ubuntu/ros2_ws/install/teleop_forklift_control/lib/python3.10/site-packages:${PYTHONPATH} /usr/bin/python3 -W ignore:setup.py install is deprecated -W ignore:easy_install command is deprecated setup.py egg_info --egg-base ../../build/teleop_forklift_control build --build-base /home/ubuntu/ros2_ws/build/teleop_forklift_control/build install --record /home/ubuntu/ros2_ws/build/teleop_forklift_control/install.log --single-version-externally-managed install_data
