[5.337s] Invoking command in '/home/ubuntu/ros2_ws/src/camera_pipelines': PYTHONPATH=/home/ubuntu/ros2_ws/build/camera_pipelines/prefix_override:/usr/lib/python3/dist-packages/colcon_core/task/python/colcon_distutils_commands:/home/ubuntu/ros2_ws/install/camera_pipelines/lib/python3.10/site-packages:${PYTHONPATH} /usr/bin/python3 -W ignore:setup.py install is deprecated -W ignore:easy_install command is deprecated setup.py egg_info --egg-base ../../build/camera_pipelines build --build-base /home/ubuntu/ros2_ws/build/camera_pipelines/build install --record /home/ubuntu/ros2_ws/build/camera_pipelines/install.log --single-version-externally-managed install_data
[6.725s] running egg_info
[6.728s] creating ../../build/camera_pipelines/camera_pipelines.egg-info
[6.729s] writing ../../build/camera_pipelines/camera_pipelines.egg-info/PKG-INFO
[6.732s] writing dependency_links to ../../build/camera_pipelines/camera_pipelines.egg-info/dependency_links.txt
[6.734s] writing entry points to ../../build/camera_pipelines/camera_pipelines.egg-info/entry_points.txt
[6.736s] writing requirements to ../../build/camera_pipelines/camera_pipelines.egg-info/requires.txt
[6.737s] writing top-level names to ../../build/camera_pipelines/camera_pipelines.egg-info/top_level.txt
[6.740s] writing manifest file '../../build/camera_pipelines/camera_pipelines.egg-info/SOURCES.txt'
[6.748s] reading manifest file '../../build/camera_pipelines/camera_pipelines.egg-info/SOURCES.txt'
[6.752s] writing manifest file '../../build/camera_pipelines/camera_pipelines.egg-info/SOURCES.txt'
[6.753s] running build
[6.753s] running build_py
[6.754s] creating /home/ubuntu/ros2_ws/build/camera_pipelines/build
[6.755s] creating /home/ubuntu/ros2_ws/build/camera_pipelines/build/lib
[6.755s] creating /home/ubuntu/ros2_ws/build/camera_pipelines/build/lib/camera_pipelines
[6.756s] copying camera_pipelines/__init__.py -> /home/ubuntu/ros2_ws/build/camera_pipelines/build/lib/camera_pipelines
[6.756s] running install
[6.757s] running install_lib
[6.761s] creating /home/ubuntu/ros2_ws/install/camera_pipelines/lib/python3.10/site-packages/camera_pipelines
[6.762s] copying /home/ubuntu/ros2_ws/build/camera_pipelines/build/lib/camera_pipelines/__init__.py -> /home/ubuntu/ros2_ws/install/camera_pipelines/lib/python3.10/site-packages/camera_pipelines
[6.764s] byte-compiling /home/ubuntu/ros2_ws/install/camera_pipelines/lib/python3.10/site-packages/camera_pipelines/__init__.py to __init__.cpython-310.pyc
[6.766s] running install_data
[6.767s] creating /home/ubuntu/ros2_ws/install/camera_pipelines/share/ament_index
[6.767s] creating /home/ubuntu/ros2_ws/install/camera_pipelines/share/ament_index/resource_index
[6.768s] creating /home/ubuntu/ros2_ws/install/camera_pipelines/share/ament_index/resource_index/packages
[6.768s] copying resource/camera_pipelines -> /home/ubuntu/ros2_ws/install/camera_pipelines/share/ament_index/resource_index/packages
[6.769s] copying package.xml -> /home/ubuntu/ros2_ws/install/camera_pipelines/share/camera_pipelines
[6.769s] running install_egg_info
[6.777s] Copying ../../build/camera_pipelines/camera_pipelines.egg-info to /home/ubuntu/ros2_ws/install/camera_pipelines/lib/python3.10/site-packages/camera_pipelines-0.0.0-py3.10.egg-info
[6.783s] running install_scripts
[6.871s] writing list of installed files to '/home/ubuntu/ros2_ws/build/camera_pipelines/install.log'
[7.005s] Invoked command in '/home/ubuntu/ros2_ws/src/camera_pipelines' returned '0': PYTHONPATH=/home/ubuntu/ros2_ws/build/camera_pipelines/prefix_override:/usr/lib/python3/dist-packages/colcon_core/task/python/colcon_distutils_commands:/home/ubuntu/ros2_ws/install/camera_pipelines/lib/python3.10/site-packages:${PYTHONPATH} /usr/bin/python3 -W ignore:setup.py install is deprecated -W ignore:easy_install command is deprecated setup.py egg_info --egg-base ../../build/camera_pipelines build --build-base /home/ubuntu/ros2_ws/build/camera_pipelines/build install --record /home/ubuntu/ros2_ws/build/camera_pipelines/install.log --single-version-externally-managed install_data
