[0.681s] DEBUG:colcon:Command line arguments: ['/usr/bin/colcon', 'build']
[0.681s] DEBUG:colcon:Parsed command line arguments: Namespace(log_base=None, log_level=None, verb_name='build', build_base='build', install_base='install', merge_install=False, symlink_install=False, test_result_base=None, continue_on_error=False, executor='parallel', parallel_workers=4, event_handlers=None, ignore_user_meta=False, metas=['./colcon.meta'], base_paths=['.'], packages_ignore=None, packages_ignore_regex=None, paths=None, packages_up_to=None, packages_up_to_regex=None, packages_above=None, packages_above_and_dependencies=None, packages_above_depth=None, packages_select_by_dep=None, packages_skip_by_dep=None, packages_skip_up_to=None, packages_select_build_failed=False, packages_skip_build_finished=False, packages_select_test_failures=False, packages_skip_test_passed=False, packages_select=None, packages_skip=None, packages_select_regex=None, packages_skip_regex=None, packages_start=None, packages_end=None, allow_overriding=[], cmake_args=None, cmake_target=None, cmake_target_skip_unavailable=False, cmake_clean_cache=False, cmake_clean_first=False, cmake_force_configure=False, ament_cmake_args=None, catkin_cmake_args=None, catkin_skip_building_tests=False, verb_parser=<colcon_defaults.argument_parser.defaults.DefaultArgumentsDecorator object at 0xffffab9c73d0>, verb_extension=<colcon_core.verb.build.BuildVerb object at 0xffffabba4f10>, main=<bound method BuildVerb.main of <colcon_core.verb.build.BuildVerb object at 0xffffabba4f10>>)
[1.912s] Level 1:colcon.colcon_core.package_discovery:discover_packages(colcon_meta) check parameters
[1.912s] Level 1:colcon.colcon_core.package_discovery:discover_packages(recursive) check parameters
[1.912s] Level 1:colcon.colcon_core.package_discovery:discover_packages(ignore) check parameters
[1.913s] Level 1:colcon.colcon_core.package_discovery:discover_packages(path) check parameters
[1.913s] Level 1:colcon.colcon_core.package_discovery:discover_packages(colcon_meta) discover
[1.913s] Level 1:colcon.colcon_core.package_discovery:discover_packages(recursive) discover
[1.913s] INFO:colcon.colcon_core.package_discovery:Crawling recursively for packages in '/home/ubuntu/ros2_ws'
[1.914s] Level 1:colcon.colcon_core.package_identification:_identify(.) by extensions ['ignore', 'ignore_ament_install']
[1.914s] Level 1:colcon.colcon_core.package_identification:_identify(.) by extension 'ignore'
[1.915s] Level 1:colcon.colcon_core.package_identification:_identify(.) by extension 'ignore_ament_install'
[1.915s] Level 1:colcon.colcon_core.package_identification:_identify(.) by extensions ['colcon_pkg']
[1.915s] Level 1:colcon.colcon_core.package_identification:_identify(.) by extension 'colcon_pkg'
[1.915s] Level 1:colcon.colcon_core.package_identification:_identify(.) by extensions ['colcon_meta']
[1.915s] Level 1:colcon.colcon_core.package_identification:_identify(.) by extension 'colcon_meta'
[1.916s] Level 1:colcon.colcon_core.package_identification:_identify(.) by extensions ['ros']
[1.916s] Level 1:colcon.colcon_core.package_identification:_identify(.) by extension 'ros'
[1.963s] Level 1:colcon.colcon_core.package_identification:_identify(.) by extensions ['cmake', 'python']
[1.964s] Level 1:colcon.colcon_core.package_identification:_identify(.) by extension 'cmake'
[1.964s] Level 1:colcon.colcon_core.package_identification:_identify(.) by extension 'python'
[1.964s] Level 1:colcon.colcon_core.package_identification:_identify(.) by extensions ['python_setup_py']
[1.964s] Level 1:colcon.colcon_core.package_identification:_identify(.) by extension 'python_setup_py'
[1.965s] Level 1:colcon.colcon_core.package_identification:_identify(build) by extensions ['ignore', 'ignore_ament_install']
[1.965s] Level 1:colcon.colcon_core.package_identification:_identify(build) by extension 'ignore'
[1.965s] Level 1:colcon.colcon_core.package_identification:_identify(build) ignored
[1.966s] Level 1:colcon.colcon_core.package_identification:_identify(install) by extensions ['ignore', 'ignore_ament_install']
[1.966s] Level 1:colcon.colcon_core.package_identification:_identify(install) by extension 'ignore'
[1.967s] Level 1:colcon.colcon_core.package_identification:_identify(install) ignored
[1.967s] Level 1:colcon.colcon_core.package_identification:_identify(log) by extensions ['ignore', 'ignore_ament_install']
[1.968s] Level 1:colcon.colcon_core.package_identification:_identify(log) by extension 'ignore'
[1.968s] Level 1:colcon.colcon_core.package_identification:_identify(log) ignored
[1.968s] Level 1:colcon.colcon_core.package_identification:_identify(src) by extensions ['ignore', 'ignore_ament_install']
[1.968s] Level 1:colcon.colcon_core.package_identification:_identify(src) by extension 'ignore'
[1.969s] Level 1:colcon.colcon_core.package_identification:_identify(src) by extension 'ignore_ament_install'
[1.969s] Level 1:colcon.colcon_core.package_identification:_identify(src) by extensions ['colcon_pkg']
[1.969s] Level 1:colcon.colcon_core.package_identification:_identify(src) by extension 'colcon_pkg'
[1.969s] Level 1:colcon.colcon_core.package_identification:_identify(src) by extensions ['colcon_meta']
[1.969s] Level 1:colcon.colcon_core.package_identification:_identify(src) by extension 'colcon_meta'
[1.970s] Level 1:colcon.colcon_core.package_identification:_identify(src) by extensions ['ros']
[1.970s] Level 1:colcon.colcon_core.package_identification:_identify(src) by extension 'ros'
[1.970s] Level 1:colcon.colcon_core.package_identification:_identify(src) by extensions ['cmake', 'python']
[1.970s] Level 1:colcon.colcon_core.package_identification:_identify(src) by extension 'cmake'
[1.970s] Level 1:colcon.colcon_core.package_identification:_identify(src) by extension 'python'
[1.971s] Level 1:colcon.colcon_core.package_identification:_identify(src) by extensions ['python_setup_py']
[1.971s] Level 1:colcon.colcon_core.package_identification:_identify(src) by extension 'python_setup_py'
[1.971s] Level 1:colcon.colcon_core.package_identification:_identify(src/camera_pipelines) by extensions ['ignore', 'ignore_ament_install']
[1.972s] Level 1:colcon.colcon_core.package_identification:_identify(src/camera_pipelines) by extension 'ignore'
[1.972s] Level 1:colcon.colcon_core.package_identification:_identify(src/camera_pipelines) by extension 'ignore_ament_install'
[1.972s] Level 1:colcon.colcon_core.package_identification:_identify(src/camera_pipelines) by extensions ['colcon_pkg']
[1.972s] Level 1:colcon.colcon_core.package_identification:_identify(src/camera_pipelines) by extension 'colcon_pkg'
[1.973s] Level 1:colcon.colcon_core.package_identification:_identify(src/camera_pipelines) by extensions ['colcon_meta']
[1.973s] Level 1:colcon.colcon_core.package_identification:_identify(src/camera_pipelines) by extension 'colcon_meta'
[1.973s] Level 1:colcon.colcon_core.package_identification:_identify(src/camera_pipelines) by extensions ['ros']
[1.973s] Level 1:colcon.colcon_core.package_identification:_identify(src/camera_pipelines) by extension 'ros'
[1.984s] DEBUG:colcon.colcon_core.package_identification:Package 'src/camera_pipelines' with type 'ros.ament_python' and name 'camera_pipelines'
[1.985s] Level 1:colcon.colcon_core.package_identification:_identify(src/depthai_ros_driver) by extensions ['ignore', 'ignore_ament_install']
[1.986s] Level 1:colcon.colcon_core.package_identification:_identify(src/depthai_ros_driver) by extension 'ignore'
[1.986s] Level 1:colcon.colcon_core.package_identification:_identify(src/depthai_ros_driver) by extension 'ignore_ament_install'
[1.986s] Level 1:colcon.colcon_core.package_identification:_identify(src/depthai_ros_driver) by extensions ['colcon_pkg']
[1.986s] Level 1:colcon.colcon_core.package_identification:_identify(src/depthai_ros_driver) by extension 'colcon_pkg'
[1.987s] Level 1:colcon.colcon_core.package_identification:_identify(src/depthai_ros_driver) by extensions ['colcon_meta']
[1.987s] Level 1:colcon.colcon_core.package_identification:_identify(src/depthai_ros_driver) by extension 'colcon_meta'
[1.987s] Level 1:colcon.colcon_core.package_identification:_identify(src/depthai_ros_driver) by extensions ['ros']
[1.987s] Level 1:colcon.colcon_core.package_identification:_identify(src/depthai_ros_driver) by extension 'ros'
[1.997s] DEBUG:colcon.colcon_core.package_identification:Package 'src/depthai_ros_driver' with type 'ros.ament_cmake' and name 'depthai_ros_driver'
[1.998s] Level 1:colcon.colcon_core.package_identification:_identify(src/teleop_forklift_control) by extensions ['ignore', 'ignore_ament_install']
[1.998s] Level 1:colcon.colcon_core.package_identification:_identify(src/teleop_forklift_control) by extension 'ignore'
[1.999s] Level 1:colcon.colcon_core.package_identification:_identify(src/teleop_forklift_control) by extension 'ignore_ament_install'
[2.000s] Level 1:colcon.colcon_core.package_identification:_identify(src/teleop_forklift_control) by extensions ['colcon_pkg']
[2.000s] Level 1:colcon.colcon_core.package_identification:_identify(src/teleop_forklift_control) by extension 'colcon_pkg'
[2.000s] Level 1:colcon.colcon_core.package_identification:_identify(src/teleop_forklift_control) by extensions ['colcon_meta']
[2.000s] Level 1:colcon.colcon_core.package_identification:_identify(src/teleop_forklift_control) by extension 'colcon_meta'
[2.000s] Level 1:colcon.colcon_core.package_identification:_identify(src/teleop_forklift_control) by extensions ['ros']
[2.001s] Level 1:colcon.colcon_core.package_identification:_identify(src/teleop_forklift_control) by extension 'ros'
[2.003s] DEBUG:colcon.colcon_core.package_identification:Package 'src/teleop_forklift_control' with type 'ros.ament_python' and name 'teleop_forklift_control'
[2.003s] Level 1:colcon.colcon_core.package_discovery:discover_packages(recursive) using defaults
[2.004s] Level 1:colcon.colcon_core.package_discovery:discover_packages(ignore) discover
[2.004s] Level 1:colcon.colcon_core.package_discovery:discover_packages(ignore) using defaults
[2.004s] Level 1:colcon.colcon_core.package_discovery:discover_packages(path) discover
[2.004s] Level 1:colcon.colcon_core.package_discovery:discover_packages(path) using defaults
[2.126s] Level 1:colcon.colcon_core.package_discovery:discover_packages(prefix_path) check parameters
[2.126s] Level 1:colcon.colcon_core.package_discovery:discover_packages(prefix_path) discover
[2.141s] DEBUG:colcon.colcon_installed_package_information.package_discovery:Found 1 installed packages in /home/ubuntu/ros2_ws/install
[2.151s] DEBUG:colcon.colcon_installed_package_information.package_discovery:Found 271 installed packages in /opt/ros/humble
[2.197s] Level 1:colcon.colcon_core.package_discovery:discover_packages(prefix_path) using defaults
[2.364s] Level 5:colcon.colcon_core.verb:set package 'camera_pipelines' build argument 'cmake_args' from command line to 'None'
[2.364s] Level 5:colcon.colcon_core.verb:set package 'camera_pipelines' build argument 'cmake_target' from command line to 'None'
[2.364s] Level 5:colcon.colcon_core.verb:set package 'camera_pipelines' build argument 'cmake_target_skip_unavailable' from command line to 'False'
[2.364s] Level 5:colcon.colcon_core.verb:set package 'camera_pipelines' build argument 'cmake_clean_cache' from command line to 'False'
[2.364s] Level 5:colcon.colcon_core.verb:set package 'camera_pipelines' build argument 'cmake_clean_first' from command line to 'False'
[2.364s] Level 5:colcon.colcon_core.verb:set package 'camera_pipelines' build argument 'cmake_force_configure' from command line to 'False'
[2.365s] Level 5:colcon.colcon_core.verb:set package 'camera_pipelines' build argument 'ament_cmake_args' from command line to 'None'
[2.365s] Level 5:colcon.colcon_core.verb:set package 'camera_pipelines' build argument 'catkin_cmake_args' from command line to 'None'
[2.365s] Level 5:colcon.colcon_core.verb:set package 'camera_pipelines' build argument 'catkin_skip_building_tests' from command line to 'False'
[2.365s] DEBUG:colcon.colcon_core.verb:Building package 'camera_pipelines' with the following arguments: {'ament_cmake_args': None, 'build_base': '/home/ubuntu/ros2_ws/build/camera_pipelines', 'catkin_cmake_args': None, 'catkin_skip_building_tests': False, 'cmake_args': None, 'cmake_clean_cache': False, 'cmake_clean_first': False, 'cmake_force_configure': False, 'cmake_target': None, 'cmake_target_skip_unavailable': False, 'install_base': '/home/ubuntu/ros2_ws/install/camera_pipelines', 'merge_install': False, 'path': '/home/ubuntu/ros2_ws/src/camera_pipelines', 'symlink_install': False, 'test_result_base': None}
[2.367s] Level 5:colcon.colcon_core.verb:set package 'depthai_ros_driver' build argument 'cmake_args' from command line to 'None'
[2.367s] Level 5:colcon.colcon_core.verb:set package 'depthai_ros_driver' build argument 'cmake_target' from command line to 'None'
[2.367s] Level 5:colcon.colcon_core.verb:set package 'depthai_ros_driver' build argument 'cmake_target_skip_unavailable' from command line to 'False'
[2.367s] Level 5:colcon.colcon_core.verb:set package 'depthai_ros_driver' build argument 'cmake_clean_cache' from command line to 'False'
[2.367s] Level 5:colcon.colcon_core.verb:set package 'depthai_ros_driver' build argument 'cmake_clean_first' from command line to 'False'
[2.367s] Level 5:colcon.colcon_core.verb:set package 'depthai_ros_driver' build argument 'cmake_force_configure' from command line to 'False'
[2.367s] Level 5:colcon.colcon_core.verb:set package 'depthai_ros_driver' build argument 'ament_cmake_args' from command line to 'None'
[2.367s] Level 5:colcon.colcon_core.verb:set package 'depthai_ros_driver' build argument 'catkin_cmake_args' from command line to 'None'
[2.368s] Level 5:colcon.colcon_core.verb:set package 'depthai_ros_driver' build argument 'catkin_skip_building_tests' from command line to 'False'
[2.368s] DEBUG:colcon.colcon_core.verb:Building package 'depthai_ros_driver' with the following arguments: {'ament_cmake_args': None, 'build_base': '/home/ubuntu/ros2_ws/build/depthai_ros_driver', 'catkin_cmake_args': None, 'catkin_skip_building_tests': False, 'cmake_args': None, 'cmake_clean_cache': False, 'cmake_clean_first': False, 'cmake_force_configure': False, 'cmake_target': None, 'cmake_target_skip_unavailable': False, 'install_base': '/home/ubuntu/ros2_ws/install/depthai_ros_driver', 'merge_install': False, 'path': '/home/ubuntu/ros2_ws/src/depthai_ros_driver', 'symlink_install': False, 'test_result_base': None}
[2.369s] Level 5:colcon.colcon_core.verb:set package 'teleop_forklift_control' build argument 'cmake_args' from command line to 'None'
[2.369s] Level 5:colcon.colcon_core.verb:set package 'teleop_forklift_control' build argument 'cmake_target' from command line to 'None'
[2.369s] Level 5:colcon.colcon_core.verb:set package 'teleop_forklift_control' build argument 'cmake_target_skip_unavailable' from command line to 'False'
[2.370s] Level 5:colcon.colcon_core.verb:set package 'teleop_forklift_control' build argument 'cmake_clean_cache' from command line to 'False'
[2.370s] Level 5:colcon.colcon_core.verb:set package 'teleop_forklift_control' build argument 'cmake_clean_first' from command line to 'False'
[2.370s] Level 5:colcon.colcon_core.verb:set package 'teleop_forklift_control' build argument 'cmake_force_configure' from command line to 'False'
[2.370s] Level 5:colcon.colcon_core.verb:set package 'teleop_forklift_control' build argument 'ament_cmake_args' from command line to 'None'
[2.370s] Level 5:colcon.colcon_core.verb:set package 'teleop_forklift_control' build argument 'catkin_cmake_args' from command line to 'None'
[2.370s] Level 5:colcon.colcon_core.verb:set package 'teleop_forklift_control' build argument 'catkin_skip_building_tests' from command line to 'False'
[2.370s] DEBUG:colcon.colcon_core.verb:Building package 'teleop_forklift_control' with the following arguments: {'ament_cmake_args': None, 'build_base': '/home/ubuntu/ros2_ws/build/teleop_forklift_control', 'catkin_cmake_args': None, 'catkin_skip_building_tests': False, 'cmake_args': None, 'cmake_clean_cache': False, 'cmake_clean_first': False, 'cmake_force_configure': False, 'cmake_target': None, 'cmake_target_skip_unavailable': False, 'install_base': '/home/ubuntu/ros2_ws/install/teleop_forklift_control', 'merge_install': False, 'path': '/home/ubuntu/ros2_ws/src/teleop_forklift_control', 'symlink_install': False, 'test_result_base': None}
[2.371s] INFO:colcon.colcon_core.executor:Executing jobs using 'parallel' executor
[2.374s] DEBUG:colcon.colcon_parallel_executor.executor.parallel:run_until_complete
[2.375s] INFO:colcon.colcon_ros.task.ament_python.build:Building ROS package in '/home/ubuntu/ros2_ws/src/camera_pipelines' with build type 'ament_python'
[2.376s] Level 1:colcon.colcon_core.shell:create_environment_hook('camera_pipelines', 'ament_prefix_path')
[2.396s] INFO:colcon.colcon_core.plugin_system:Skipping extension 'colcon_core.shell.bat': Not used on non-Windows systems
[2.397s] INFO:colcon.colcon_core.shell:Creating environment hook '/home/ubuntu/ros2_ws/install/camera_pipelines/share/camera_pipelines/hook/ament_prefix_path.ps1'
[2.402s] INFO:colcon.colcon_core.shell:Creating environment descriptor '/home/ubuntu/ros2_ws/install/camera_pipelines/share/camera_pipelines/hook/ament_prefix_path.dsv'
[2.405s] INFO:colcon.colcon_core.shell:Creating environment hook '/home/ubuntu/ros2_ws/install/camera_pipelines/share/camera_pipelines/hook/ament_prefix_path.sh'
[2.409s] INFO:colcon.colcon_core.shell:Skip shell extension 'powershell' for command environment: Not usable outside of PowerShell
[2.409s] DEBUG:colcon.colcon_core.shell:Skip shell extension 'dsv' for command environment
[2.428s] INFO:colcon.colcon_ros.task.ament_cmake.build:Building ROS package in '/home/ubuntu/ros2_ws/src/depthai_ros_driver' with build type 'ament_cmake'
[2.429s] INFO:colcon.colcon_cmake.task.cmake.build:Building CMake package in '/home/ubuntu/ros2_ws/src/depthai_ros_driver'
[2.430s] INFO:colcon.colcon_core.shell:Skip shell extension 'powershell' for command environment: Not usable outside of PowerShell
[2.431s] DEBUG:colcon.colcon_core.shell:Skip shell extension 'dsv' for command environment
[2.448s] INFO:colcon.colcon_ros.task.ament_python.build:Building ROS package in '/home/ubuntu/ros2_ws/src/teleop_forklift_control' with build type 'ament_python'
[2.449s] Level 1:colcon.colcon_core.shell:create_environment_hook('teleop_forklift_control', 'ament_prefix_path')
[2.450s] INFO:colcon.colcon_core.shell:Creating environment hook '/home/ubuntu/ros2_ws/install/teleop_forklift_control/share/teleop_forklift_control/hook/ament_prefix_path.ps1'
[2.453s] INFO:colcon.colcon_core.shell:Creating environment descriptor '/home/ubuntu/ros2_ws/install/teleop_forklift_control/share/teleop_forklift_control/hook/ament_prefix_path.dsv'
[2.455s] INFO:colcon.colcon_core.shell:Creating environment hook '/home/ubuntu/ros2_ws/install/teleop_forklift_control/share/teleop_forklift_control/hook/ament_prefix_path.sh'
[2.458s] INFO:colcon.colcon_core.shell:Skip shell extension 'powershell' for command environment: Not usable outside of PowerShell
[2.459s] DEBUG:colcon.colcon_core.shell:Skip shell extension 'dsv' for command environment
[3.661s] INFO:colcon.colcon_core.task.python.build:Building Python package in '/home/ubuntu/ros2_ws/src/camera_pipelines'
[3.662s] INFO:colcon.colcon_core.shell:Skip shell extension 'powershell' for command environment: Not usable outside of PowerShell
[3.662s] DEBUG:colcon.colcon_core.shell:Skip shell extension 'dsv' for command environment
[3.695s] DEBUG:colcon.colcon_core.event_handler.log_command:Invoking command in '/home/ubuntu/ros2_ws/build/depthai_ros_driver': CMAKE_PREFIX_PATH=/home/ubuntu/ros2_ws/install/teleop_forklift_control:/opt/ros/humble /usr/bin/cmake /home/ubuntu/ros2_ws/src/depthai_ros_driver -DCMAKE_INSTALL_PREFIX=/home/ubuntu/ros2_ws/install/depthai_ros_driver
[4.960s] INFO:colcon.colcon_core.task.python.build:Building Python package in '/home/ubuntu/ros2_ws/src/teleop_forklift_control'
[4.961s] INFO:colcon.colcon_core.shell:Skip shell extension 'powershell' for command environment: Not usable outside of PowerShell
[4.961s] DEBUG:colcon.colcon_core.shell:Skip shell extension 'dsv' for command environment
[7.697s] DEBUG:colcon.colcon_core.event_handler.log_command:Invoking command in '/home/ubuntu/ros2_ws/build/teleop_forklift_control': PYTHONPATH=/home/ubuntu/ros2_ws/build/teleop_forklift_control/prefix_override:/usr/lib/python3/dist-packages/colcon_core/task/python/colcon_distutils_commands:/home/ubuntu/ros2_ws/install/teleop_forklift_control/lib/python3.10/site-packages:${PYTHONPATH} /usr/bin/python3 -W ignore:setup.py install is deprecated -W ignore:easy_install command is deprecated setup.py develop --uninstall --editable --build-directory /home/ubuntu/ros2_ws/build/teleop_forklift_control/build
[7.716s] DEBUG:colcon.colcon_core.event_handler.log_command:Invoking command in '/home/ubuntu/ros2_ws/src/camera_pipelines': PYTHONPATH=/home/ubuntu/ros2_ws/build/camera_pipelines/prefix_override:/usr/lib/python3/dist-packages/colcon_core/task/python/colcon_distutils_commands:/home/ubuntu/ros2_ws/install/camera_pipelines/lib/python3.10/site-packages:${PYTHONPATH} /usr/bin/python3 -W ignore:setup.py install is deprecated -W ignore:easy_install command is deprecated setup.py egg_info --egg-base ../../build/camera_pipelines build --build-base /home/ubuntu/ros2_ws/build/camera_pipelines/build install --record /home/ubuntu/ros2_ws/build/camera_pipelines/install.log --single-version-externally-managed install_data
[9.383s] DEBUG:colcon.colcon_core.event_handler.log_command:Invoked command in '/home/ubuntu/ros2_ws/src/camera_pipelines' returned '0': PYTHONPATH=/home/ubuntu/ros2_ws/build/camera_pipelines/prefix_override:/usr/lib/python3/dist-packages/colcon_core/task/python/colcon_distutils_commands:/home/ubuntu/ros2_ws/install/camera_pipelines/lib/python3.10/site-packages:${PYTHONPATH} /usr/bin/python3 -W ignore:setup.py install is deprecated -W ignore:easy_install command is deprecated setup.py egg_info --egg-base ../../build/camera_pipelines build --build-base /home/ubuntu/ros2_ws/build/camera_pipelines/build install --record /home/ubuntu/ros2_ws/build/camera_pipelines/install.log --single-version-externally-managed install_data
[9.408s] Level 1:colcon.colcon_core.environment:checking '/home/ubuntu/ros2_ws/install/camera_pipelines' for CMake module files
[9.410s] Level 1:colcon.colcon_core.environment:checking '/home/ubuntu/ros2_ws/install/camera_pipelines' for CMake config files
[9.414s] Level 1:colcon.colcon_core.environment:checking '/home/ubuntu/ros2_ws/install/camera_pipelines/lib'
[9.415s] Level 1:colcon.colcon_core.environment:checking '/home/ubuntu/ros2_ws/install/camera_pipelines/bin'
[9.415s] Level 1:colcon.colcon_core.environment:checking '/home/ubuntu/ros2_ws/install/camera_pipelines/lib/pkgconfig/camera_pipelines.pc'
[9.417s] Level 1:colcon.colcon_core.environment:checking '/home/ubuntu/ros2_ws/install/camera_pipelines/lib/python3.10/site-packages'
[9.417s] Level 1:colcon.colcon_core.shell:create_environment_hook('camera_pipelines', 'pythonpath')
[9.418s] INFO:colcon.colcon_core.shell:Creating environment hook '/home/ubuntu/ros2_ws/install/camera_pipelines/share/camera_pipelines/hook/pythonpath.ps1'
[9.420s] INFO:colcon.colcon_core.shell:Creating environment descriptor '/home/ubuntu/ros2_ws/install/camera_pipelines/share/camera_pipelines/hook/pythonpath.dsv'
[9.422s] INFO:colcon.colcon_core.shell:Creating environment hook '/home/ubuntu/ros2_ws/install/camera_pipelines/share/camera_pipelines/hook/pythonpath.sh'
[9.425s] Level 1:colcon.colcon_core.environment:checking '/home/ubuntu/ros2_ws/install/camera_pipelines/bin'
[9.425s] Level 1:colcon.colcon_core.environment:create_environment_scripts_only(camera_pipelines)
[9.427s] INFO:colcon.colcon_core.shell:Creating package script '/home/ubuntu/ros2_ws/install/camera_pipelines/share/camera_pipelines/package.ps1'
[9.431s] INFO:colcon.colcon_core.shell:Creating package descriptor '/home/ubuntu/ros2_ws/install/camera_pipelines/share/camera_pipelines/package.dsv'
[9.435s] INFO:colcon.colcon_core.shell:Creating package script '/home/ubuntu/ros2_ws/install/camera_pipelines/share/camera_pipelines/package.sh'
[9.441s] INFO:colcon.colcon_core.shell:Creating package script '/home/ubuntu/ros2_ws/install/camera_pipelines/share/camera_pipelines/package.bash'
[9.446s] INFO:colcon.colcon_core.shell:Creating package script '/home/ubuntu/ros2_ws/install/camera_pipelines/share/camera_pipelines/package.zsh'
[9.450s] Level 1:colcon.colcon_core.environment:create_file_with_runtime_dependencies(/home/ubuntu/ros2_ws/install/camera_pipelines/share/colcon-core/packages/camera_pipelines)
[10.195s] DEBUG:colcon.colcon_core.event_handler.log_command:Invoked command in '/home/ubuntu/ros2_ws/build/teleop_forklift_control' returned '0': PYTHONPATH=/home/ubuntu/ros2_ws/build/teleop_forklift_control/prefix_override:/usr/lib/python3/dist-packages/colcon_core/task/python/colcon_distutils_commands:/home/ubuntu/ros2_ws/install/teleop_forklift_control/lib/python3.10/site-packages:${PYTHONPATH} /usr/bin/python3 -W ignore:setup.py install is deprecated -W ignore:easy_install command is deprecated setup.py develop --uninstall --editable --build-directory /home/ubuntu/ros2_ws/build/teleop_forklift_control/build
[10.204s] DEBUG:colcon.colcon_core.event_handler.log_command:Invoking command in '/home/ubuntu/ros2_ws/src/teleop_forklift_control': PYTHONPATH=/home/ubuntu/ros2_ws/build/teleop_forklift_control/prefix_override:/usr/lib/python3/dist-packages/colcon_core/task/python/colcon_distutils_commands:/home/ubuntu/ros2_ws/install/teleop_forklift_control/lib/python3.10/site-packages:${PYTHONPATH} /usr/bin/python3 -W ignore:setup.py install is deprecated -W ignore:easy_install command is deprecated setup.py egg_info --egg-base ../../build/teleop_forklift_control build --build-base /home/ubuntu/ros2_ws/build/teleop_forklift_control/build install --record /home/ubuntu/ros2_ws/build/teleop_forklift_control/install.log --single-version-externally-managed install_data --force
[11.671s] Level 1:colcon.colcon_core.environment:checking '/home/ubuntu/ros2_ws/install/teleop_forklift_control' for CMake module files
[11.673s] DEBUG:colcon.colcon_core.event_handler.log_command:Invoked command in '/home/ubuntu/ros2_ws/src/teleop_forklift_control' returned '0': PYTHONPATH=/home/ubuntu/ros2_ws/build/teleop_forklift_control/prefix_override:/usr/lib/python3/dist-packages/colcon_core/task/python/colcon_distutils_commands:/home/ubuntu/ros2_ws/install/teleop_forklift_control/lib/python3.10/site-packages:${PYTHONPATH} /usr/bin/python3 -W ignore:setup.py install is deprecated -W ignore:easy_install command is deprecated setup.py egg_info --egg-base ../../build/teleop_forklift_control build --build-base /home/ubuntu/ros2_ws/build/teleop_forklift_control/build install --record /home/ubuntu/ros2_ws/build/teleop_forklift_control/install.log --single-version-externally-managed install_data --force
[11.675s] Level 1:colcon.colcon_core.environment:checking '/home/ubuntu/ros2_ws/install/teleop_forklift_control' for CMake config files
[11.680s] Level 1:colcon.colcon_core.environment:checking '/home/ubuntu/ros2_ws/install/teleop_forklift_control/lib'
[11.680s] Level 1:colcon.colcon_core.environment:checking '/home/ubuntu/ros2_ws/install/teleop_forklift_control/bin'
[11.681s] Level 1:colcon.colcon_core.environment:checking '/home/ubuntu/ros2_ws/install/teleop_forklift_control/lib/pkgconfig/teleop_forklift_control.pc'
[11.682s] Level 1:colcon.colcon_core.environment:checking '/home/ubuntu/ros2_ws/install/teleop_forklift_control/lib/python3.10/site-packages'
[11.682s] Level 1:colcon.colcon_core.shell:create_environment_hook('teleop_forklift_control', 'pythonpath')
[11.683s] INFO:colcon.colcon_core.shell:Creating environment hook '/home/ubuntu/ros2_ws/install/teleop_forklift_control/share/teleop_forklift_control/hook/pythonpath.ps1'
[11.686s] INFO:colcon.colcon_core.shell:Creating environment descriptor '/home/ubuntu/ros2_ws/install/teleop_forklift_control/share/teleop_forklift_control/hook/pythonpath.dsv'
[11.688s] INFO:colcon.colcon_core.shell:Creating environment hook '/home/ubuntu/ros2_ws/install/teleop_forklift_control/share/teleop_forklift_control/hook/pythonpath.sh'
[11.692s] Level 1:colcon.colcon_core.environment:checking '/home/ubuntu/ros2_ws/install/teleop_forklift_control/bin'
[11.693s] Level 1:colcon.colcon_core.environment:create_environment_scripts_only(teleop_forklift_control)
[11.694s] INFO:colcon.colcon_core.shell:Creating package script '/home/ubuntu/ros2_ws/install/teleop_forklift_control/share/teleop_forklift_control/package.ps1'
[11.697s] INFO:colcon.colcon_core.shell:Creating package descriptor '/home/ubuntu/ros2_ws/install/teleop_forklift_control/share/teleop_forklift_control/package.dsv'
[11.701s] INFO:colcon.colcon_core.shell:Creating package script '/home/ubuntu/ros2_ws/install/teleop_forklift_control/share/teleop_forklift_control/package.sh'
[11.704s] INFO:colcon.colcon_core.shell:Creating package script '/home/ubuntu/ros2_ws/install/teleop_forklift_control/share/teleop_forklift_control/package.bash'
[11.706s] INFO:colcon.colcon_core.shell:Creating package script '/home/ubuntu/ros2_ws/install/teleop_forklift_control/share/teleop_forklift_control/package.zsh'
[11.708s] Level 1:colcon.colcon_core.environment:create_file_with_runtime_dependencies(/home/ubuntu/ros2_ws/install/teleop_forklift_control/share/colcon-core/packages/teleop_forklift_control)
[14.946s] DEBUG:colcon.colcon_core.event_handler.log_command:Invoked command in '/home/ubuntu/ros2_ws/build/depthai_ros_driver' returned '1': CMAKE_PREFIX_PATH=/home/ubuntu/ros2_ws/install/teleop_forklift_control:/opt/ros/humble /usr/bin/cmake /home/ubuntu/ros2_ws/src/depthai_ros_driver -DCMAKE_INSTALL_PREFIX=/home/ubuntu/ros2_ws/install/depthai_ros_driver
[14.991s] Level 1:colcon.colcon_core.environment:create_environment_scripts_only(depthai_ros_driver)
[14.993s] Level 1:colcon.colcon_core.environment:checking '/home/ubuntu/ros2_ws/install/depthai_ros_driver' for CMake module files
[14.995s] Level 1:colcon.colcon_core.environment:checking '/home/ubuntu/ros2_ws/install/depthai_ros_driver' for CMake config files
[14.996s] Level 1:colcon.colcon_core.environment:checking '/home/ubuntu/ros2_ws/install/depthai_ros_driver/bin'
[14.996s] Level 1:colcon.colcon_core.environment:checking '/home/ubuntu/ros2_ws/install/depthai_ros_driver/lib/pkgconfig/depthai_ros_driver.pc'
[14.997s] Level 1:colcon.colcon_core.environment:checking '/home/ubuntu/ros2_ws/install/depthai_ros_driver/lib/python3.10/site-packages'
[14.999s] Level 1:colcon.colcon_core.environment:checking '/home/ubuntu/ros2_ws/install/depthai_ros_driver/bin'
[15.000s] INFO:colcon.colcon_core.shell:Creating package script '/home/ubuntu/ros2_ws/install/depthai_ros_driver/share/depthai_ros_driver/package.ps1'
[15.003s] INFO:colcon.colcon_core.shell:Creating package descriptor '/home/ubuntu/ros2_ws/install/depthai_ros_driver/share/depthai_ros_driver/package.dsv'
[15.004s] INFO:colcon.colcon_core.shell:Creating package script '/home/ubuntu/ros2_ws/install/depthai_ros_driver/share/depthai_ros_driver/package.sh'
[15.006s] INFO:colcon.colcon_core.shell:Creating package script '/home/ubuntu/ros2_ws/install/depthai_ros_driver/share/depthai_ros_driver/package.bash'
[15.008s] INFO:colcon.colcon_core.shell:Creating package script '/home/ubuntu/ros2_ws/install/depthai_ros_driver/share/depthai_ros_driver/package.zsh'
[15.009s] Level 1:colcon.colcon_core.environment:create_file_with_runtime_dependencies(/home/ubuntu/ros2_ws/install/depthai_ros_driver/share/colcon-core/packages/depthai_ros_driver)
[15.021s] DEBUG:colcon.colcon_parallel_executor.executor.parallel:closing loop
[15.022s] DEBUG:colcon.colcon_parallel_executor.executor.parallel:loop closed
[15.022s] DEBUG:colcon.colcon_parallel_executor.executor.parallel:run_until_complete finished with '1'
[15.022s] DEBUG:colcon.colcon_core.event_reactor:joining thread
[15.053s] INFO:colcon.colcon_core.plugin_system:Skipping extension 'colcon_notification.desktop_notification.notify_send': Could not find 'notify-send'
[15.053s] INFO:colcon.colcon_core.plugin_system:Skipping extension 'colcon_notification.desktop_notification.terminal_notifier': Not used on non-Darwin systems
[15.054s] INFO:colcon.colcon_core.plugin_system:Skipping extension 'colcon_notification.desktop_notification.win32': Not used on non-Windows systems
[15.054s] INFO:colcon.colcon_notification.desktop_notification:Sending desktop notification using 'notify2'
[15.083s] DEBUG:colcon.colcon_notification.desktop_notification.notify2:Failed to initialize notify2: org.freedesktop.DBus.Error.ServiceUnknown: The name org.freedesktop.Notifications was not provided by any .service files
[15.084s] DEBUG:colcon.colcon_core.event_reactor:joined thread
[15.085s] INFO:colcon.colcon_core.shell:Creating prefix script '/home/ubuntu/ros2_ws/install/local_setup.ps1'
[15.091s] INFO:colcon.colcon_core.shell:Creating prefix util module '/home/ubuntu/ros2_ws/install/_local_setup_util_ps1.py'
[15.102s] INFO:colcon.colcon_core.shell:Creating prefix chain script '/home/ubuntu/ros2_ws/install/setup.ps1'
[15.107s] INFO:colcon.colcon_core.shell:Creating prefix script '/home/ubuntu/ros2_ws/install/local_setup.sh'
[15.111s] INFO:colcon.colcon_core.shell:Creating prefix util module '/home/ubuntu/ros2_ws/install/_local_setup_util_sh.py'
[15.114s] INFO:colcon.colcon_core.shell:Creating prefix chain script '/home/ubuntu/ros2_ws/install/setup.sh'
[15.121s] INFO:colcon.colcon_core.shell:Creating prefix script '/home/ubuntu/ros2_ws/install/local_setup.bash'
[15.126s] INFO:colcon.colcon_core.shell:Creating prefix chain script '/home/ubuntu/ros2_ws/install/setup.bash'
[15.131s] INFO:colcon.colcon_core.shell:Creating prefix script '/home/ubuntu/ros2_ws/install/local_setup.zsh'
[15.135s] INFO:colcon.colcon_core.shell:Creating prefix chain script '/home/ubuntu/ros2_ws/install/setup.zsh'
