[4.659s] Invoking command in '/home/ubuntu/ros2_ws/src/teleop_forklift_control': PYTHONPATH=/home/ubuntu/ros2_ws/build/teleop_forklift_control/prefix_override:/usr/lib/python3/dist-packages/colcon_core/task/python/colcon_distutils_commands:/home/ubuntu/ros2_ws/install/teleop_forklift_control/lib/python3.10/site-packages:${PYTHONPATH} /usr/bin/python3 -W ignore:setup.py install is deprecated -W ignore:easy_install command is deprecated setup.py egg_info --egg-base ../../build/teleop_forklift_control build --build-base /home/ubuntu/ros2_ws/build/teleop_forklift_control/build install --record /home/ubuntu/ros2_ws/build/teleop_forklift_control/install.log --single-version-externally-managed install_data
[5.939s] running egg_info
[5.942s] writing ../../build/teleop_forklift_control/teleop_forklift_control.egg-info/PKG-INFO
[5.946s] writing dependency_links to ../../build/teleop_forklift_control/teleop_forklift_control.egg-info/dependency_links.txt
[5.949s] writing entry points to ../../build/teleop_forklift_control/teleop_forklift_control.egg-info/entry_points.txt
[5.950s] writing requirements to ../../build/teleop_forklift_control/teleop_forklift_control.egg-info/requires.txt
[5.951s] writing top-level names to ../../build/teleop_forklift_control/teleop_forklift_control.egg-info/top_level.txt
[5.957s] reading manifest file '../../build/teleop_forklift_control/teleop_forklift_control.egg-info/SOURCES.txt'
[5.962s] writing manifest file '../../build/teleop_forklift_control/teleop_forklift_control.egg-info/SOURCES.txt'
[5.964s] running build
[5.965s] running build_py
[5.969s] running install
[5.971s] running install_lib
[5.979s] running install_data
[5.981s] running install_egg_info
[5.988s] removing '/home/ubuntu/ros2_ws/install/teleop_forklift_control/lib/python3.10/site-packages/teleop_forklift_control-0.0.1-py3.10.egg-info' (and everything under it)
[5.990s] Copying ../../build/teleop_forklift_control/teleop_forklift_control.egg-info to /home/ubuntu/ros2_ws/install/teleop_forklift_control/lib/python3.10/site-packages/teleop_forklift_control-0.0.1-py3.10.egg-info
[5.997s] running install_scripts
[6.088s] Installing main script to /home/ubuntu/ros2_ws/install/teleop_forklift_control/lib/teleop_forklift_control
[6.091s] writing list of installed files to '/home/ubuntu/ros2_ws/build/teleop_forklift_control/install.log'
