[6.748s] Invoking command in '/home/ubuntu/ros2_ws/src/camera_pipelines': PYTHONPATH=/home/ubuntu/ros2_ws/build/camera_pipelines/prefix_override:/usr/lib/python3/dist-packages/colcon_core/task/python/colcon_distutils_commands:/home/ubuntu/ros2_ws/install/camera_pipelines/lib/python3.10/site-packages:${PYTHONPATH} /usr/bin/python3 -W ignore:setup.py install is deprecated -W ignore:easy_install command is deprecated setup.py egg_info --egg-base ../../build/camera_pipelines build --build-base /home/ubuntu/ros2_ws/build/camera_pipelines/build install --record /home/ubuntu/ros2_ws/build/camera_pipelines/install.log --single-version-externally-managed install_data
[10.392s] running egg_info
[10.398s] writing ../../build/camera_pipelines/camera_pipelines.egg-info/PKG-INFO
[10.402s] writing dependency_links to ../../build/camera_pipelines/camera_pipelines.egg-info/dependency_links.txt
[10.405s] writing entry points to ../../build/camera_pipelines/camera_pipelines.egg-info/entry_points.txt
[10.409s] writing requirements to ../../build/camera_pipelines/camera_pipelines.egg-info/requires.txt
[10.412s] writing top-level names to ../../build/camera_pipelines/camera_pipelines.egg-info/top_level.txt
[10.430s] reading manifest file '../../build/camera_pipelines/camera_pipelines.egg-info/SOURCES.txt'
[10.437s] writing manifest file '../../build/camera_pipelines/camera_pipelines.egg-info/SOURCES.txt'
[10.440s] running build
[10.441s] running build_py
[10.446s] running install
[10.449s] running install_lib
[10.458s] running install_data
[10.460s] running install_egg_info
[10.480s] removing '/home/ubuntu/ros2_ws/install/camera_pipelines/lib/python3.10/site-packages/camera_pipelines-0.0.0-py3.10.egg-info' (and everything under it)
[10.489s] Copying ../../build/camera_pipelines/camera_pipelines.egg-info to /home/ubuntu/ros2_ws/install/camera_pipelines/lib/python3.10/site-packages/camera_pipelines-0.0.0-py3.10.egg-info
[10.525s] running install_scripts
[10.655s] writing list of installed files to '/home/ubuntu/ros2_ws/build/camera_pipelines/install.log'
[10.999s] Invoked command in '/home/ubuntu/ros2_ws/src/camera_pipelines' returned '0': PYTHONPATH=/home/ubuntu/ros2_ws/build/camera_pipelines/prefix_override:/usr/lib/python3/dist-packages/colcon_core/task/python/colcon_distutils_commands:/home/ubuntu/ros2_ws/install/camera_pipelines/lib/python3.10/site-packages:${PYTHONPATH} /usr/bin/python3 -W ignore:setup.py install is deprecated -W ignore:easy_install command is deprecated setup.py egg_info --egg-base ../../build/camera_pipelines build --build-base /home/ubuntu/ros2_ws/build/camera_pipelines/build install --record /home/ubuntu/ros2_ws/build/camera_pipelines/install.log --single-version-externally-managed install_data
