[7.161s] Invoking command in '/home/ubuntu/ros2_ws/src/camera_pipelines': PYTHONPATH=/home/ubuntu/ros2_ws/build/camera_pipelines/prefix_override:/usr/lib/python3/dist-packages/colcon_core/task/python/colcon_distutils_commands:/home/ubuntu/ros2_ws/install/camera_pipelines/lib/python3.10/site-packages: /usr/bin/python3 -W ignore:setup.py install is deprecated -W ignore:easy_install command is deprecated setup.py egg_info --egg-base ../../build/camera_pipelines build --build-base /home/ubuntu/ros2_ws/build/camera_pipelines/build install --record /home/ubuntu/ros2_ws/build/camera_pipelines/install.log --single-version-externally-managed install_data
[8.987s] running egg_info
[8.992s] writing ../../build/camera_pipelines/camera_pipelines.egg-info/PKG-INFO
[9.007s] writing dependency_links to ../../build/camera_pipelines/camera_pipelines.egg-info/dependency_links.txt
[9.011s] writing entry points to ../../build/camera_pipelines/camera_pipelines.egg-info/entry_points.txt
[9.015s] writing requirements to ../../build/camera_pipelines/camera_pipelines.egg-info/requires.txt
[9.025s] writing top-level names to ../../build/camera_pipelines/camera_pipelines.egg-info/top_level.txt
[9.051s] reading manifest file '../../build/camera_pipelines/camera_pipelines.egg-info/SOURCES.txt'
[9.073s] writing manifest file '../../build/camera_pipelines/camera_pipelines.egg-info/SOURCES.txt'
[9.075s] running build
[9.076s] running build_py
[9.091s] running install
[9.095s] running install_lib
[9.149s] running install_data
[9.154s] running install_egg_info
[9.181s] removing '/home/ubuntu/ros2_ws/install/camera_pipelines/lib/python3.10/site-packages/camera_pipelines-0.0.0-py3.10.egg-info' (and everything under it)
[9.187s] Copying ../../build/camera_pipelines/camera_pipelines.egg-info to /home/ubuntu/ros2_ws/install/camera_pipelines/lib/python3.10/site-packages/camera_pipelines-0.0.0-py3.10.egg-info
[9.210s] running install_scripts
[9.346s] writing list of installed files to '/home/ubuntu/ros2_ws/build/camera_pipelines/install.log'
[9.681s] Invoked command in '/home/ubuntu/ros2_ws/src/camera_pipelines' returned '0': PYTHONPATH=/home/ubuntu/ros2_ws/build/camera_pipelines/prefix_override:/usr/lib/python3/dist-packages/colcon_core/task/python/colcon_distutils_commands:/home/ubuntu/ros2_ws/install/camera_pipelines/lib/python3.10/site-packages: /usr/bin/python3 -W ignore:setup.py install is deprecated -W ignore:easy_install command is deprecated setup.py egg_info --egg-base ../../build/camera_pipelines build --build-base /home/ubuntu/ros2_ws/build/camera_pipelines/build install --record /home/ubuntu/ros2_ws/build/camera_pipelines/install.log --single-version-externally-managed install_data
