[0.390s] DEBUG:colcon:Command line arguments: ['/usr/bin/colcon', 'build', '--executor', 'sequential', '--parallel-workers', '1']
[0.390s] DEBUG:colcon:Parsed command line arguments: Namespace(log_base=None, log_level=None, verb_name='build', build_base='build', install_base='install', merge_install=False, symlink_install=False, test_result_base=None, continue_on_error=False, executor='sequential', parallel_workers=1, event_handlers=None, ignore_user_meta=False, metas=['./colcon.meta'], base_paths=['.'], packages_ignore=None, packages_ignore_regex=None, paths=None, packages_up_to=None, packages_up_to_regex=None, packages_above=None, packages_above_and_dependencies=None, packages_above_depth=None, packages_select_by_dep=None, packages_skip_by_dep=None, packages_skip_up_to=None, packages_select_build_failed=False, packages_skip_build_finished=False, packages_select_test_failures=False, packages_skip_test_passed=False, packages_select=None, packages_skip=None, packages_select_regex=None, packages_skip_regex=None, packages_start=None, packages_end=None, allow_overriding=[], cmake_args=None, cmake_target=None, cmake_target_skip_unavailable=False, cmake_clean_cache=False, cmake_clean_first=False, cmake_force_configure=False, ament_cmake_args=None, catkin_cmake_args=None, catkin_skip_building_tests=False, verb_parser=<colcon_defaults.argument_parser.defaults.DefaultArgumentsDecorator object at 0xffff83c6ac20>, verb_extension=<colcon_core.verb.build.BuildVerb object at 0xffff83ba4760>, main=<bound method BuildVerb.main of <colcon_core.verb.build.BuildVerb object at 0xffff83ba4760>>)
[0.967s] Level 1:colcon.colcon_core.package_discovery:discover_packages(colcon_meta) check parameters
[0.967s] Level 1:colcon.colcon_core.package_discovery:discover_packages(recursive) check parameters
[0.968s] Level 1:colcon.colcon_core.package_discovery:discover_packages(ignore) check parameters
[0.968s] Level 1:colcon.colcon_core.package_discovery:discover_packages(path) check parameters
[0.968s] Level 1:colcon.colcon_core.package_discovery:discover_packages(colcon_meta) discover
[0.968s] Level 1:colcon.colcon_core.package_discovery:discover_packages(recursive) discover
[0.968s] INFO:colcon.colcon_core.package_discovery:Crawling recursively for packages in '/home/ubuntu/ros2_ws'
[0.969s] Level 1:colcon.colcon_core.package_identification:_identify(.) by extensions ['ignore', 'ignore_ament_install']
[0.969s] Level 1:colcon.colcon_core.package_identification:_identify(.) by extension 'ignore'
[0.969s] Level 1:colcon.colcon_core.package_identification:_identify(.) by extension 'ignore_ament_install'
[0.969s] Level 1:colcon.colcon_core.package_identification:_identify(.) by extensions ['colcon_pkg']
[0.970s] Level 1:colcon.colcon_core.package_identification:_identify(.) by extension 'colcon_pkg'
[0.970s] Level 1:colcon.colcon_core.package_identification:_identify(.) by extensions ['colcon_meta']
[0.970s] Level 1:colcon.colcon_core.package_identification:_identify(.) by extension 'colcon_meta'
[0.970s] Level 1:colcon.colcon_core.package_identification:_identify(.) by extensions ['ros']
[0.970s] Level 1:colcon.colcon_core.package_identification:_identify(.) by extension 'ros'
[1.013s] Level 1:colcon.colcon_core.package_identification:_identify(.) by extensions ['cmake', 'python']
[1.013s] Level 1:colcon.colcon_core.package_identification:_identify(.) by extension 'cmake'
[1.013s] Level 1:colcon.colcon_core.package_identification:_identify(.) by extension 'python'
[1.013s] Level 1:colcon.colcon_core.package_identification:_identify(.) by extensions ['python_setup_py']
[1.013s] Level 1:colcon.colcon_core.package_identification:_identify(.) by extension 'python_setup_py'
[1.014s] Level 1:colcon.colcon_core.package_identification:_identify(build) by extensions ['ignore', 'ignore_ament_install']
[1.014s] Level 1:colcon.colcon_core.package_identification:_identify(build) by extension 'ignore'
[1.015s] Level 1:colcon.colcon_core.package_identification:_identify(build) ignored
[1.015s] Level 1:colcon.colcon_core.package_identification:_identify(install) by extensions ['ignore', 'ignore_ament_install']
[1.015s] Level 1:colcon.colcon_core.package_identification:_identify(install) by extension 'ignore'
[1.016s] Level 1:colcon.colcon_core.package_identification:_identify(install) ignored
[1.016s] Level 1:colcon.colcon_core.package_identification:_identify(log) by extensions ['ignore', 'ignore_ament_install']
[1.017s] Level 1:colcon.colcon_core.package_identification:_identify(log) by extension 'ignore'
[1.017s] Level 1:colcon.colcon_core.package_identification:_identify(log) ignored
[1.017s] Level 1:colcon.colcon_core.package_identification:_identify(src) by extensions ['ignore', 'ignore_ament_install']
[1.017s] Level 1:colcon.colcon_core.package_identification:_identify(src) by extension 'ignore'
[1.018s] Level 1:colcon.colcon_core.package_identification:_identify(src) by extension 'ignore_ament_install'
[1.018s] Level 1:colcon.colcon_core.package_identification:_identify(src) by extensions ['colcon_pkg']
[1.018s] Level 1:colcon.colcon_core.package_identification:_identify(src) by extension 'colcon_pkg'
[1.018s] Level 1:colcon.colcon_core.package_identification:_identify(src) by extensions ['colcon_meta']
[1.018s] Level 1:colcon.colcon_core.package_identification:_identify(src) by extension 'colcon_meta'
[1.018s] Level 1:colcon.colcon_core.package_identification:_identify(src) by extensions ['ros']
[1.018s] Level 1:colcon.colcon_core.package_identification:_identify(src) by extension 'ros'
[1.019s] Level 1:colcon.colcon_core.package_identification:_identify(src) by extensions ['cmake', 'python']
[1.019s] Level 1:colcon.colcon_core.package_identification:_identify(src) by extension 'cmake'
[1.019s] Level 1:colcon.colcon_core.package_identification:_identify(src) by extension 'python'
[1.019s] Level 1:colcon.colcon_core.package_identification:_identify(src) by extensions ['python_setup_py']
[1.019s] Level 1:colcon.colcon_core.package_identification:_identify(src) by extension 'python_setup_py'
[1.020s] Level 1:colcon.colcon_core.package_identification:_identify(src/camera_pipelines) by extensions ['ignore', 'ignore_ament_install']
[1.020s] Level 1:colcon.colcon_core.package_identification:_identify(src/camera_pipelines) by extension 'ignore'
[1.020s] Level 1:colcon.colcon_core.package_identification:_identify(src/camera_pipelines) by extension 'ignore_ament_install'
[1.020s] Level 1:colcon.colcon_core.package_identification:_identify(src/camera_pipelines) by extensions ['colcon_pkg']
[1.020s] Level 1:colcon.colcon_core.package_identification:_identify(src/camera_pipelines) by extension 'colcon_pkg'
[1.021s] Level 1:colcon.colcon_core.package_identification:_identify(src/camera_pipelines) by extensions ['colcon_meta']
[1.021s] Level 1:colcon.colcon_core.package_identification:_identify(src/camera_pipelines) by extension 'colcon_meta'
[1.021s] Level 1:colcon.colcon_core.package_identification:_identify(src/camera_pipelines) by extensions ['ros']
[1.021s] Level 1:colcon.colcon_core.package_identification:_identify(src/camera_pipelines) by extension 'ros'
[1.030s] DEBUG:colcon.colcon_core.package_identification:Package 'src/camera_pipelines' with type 'ros.ament_python' and name 'camera_pipelines'
[1.030s] Level 1:colcon.colcon_core.package_identification:_identify(src/depthai_ros_driver) by extensions ['ignore', 'ignore_ament_install']
[1.031s] Level 1:colcon.colcon_core.package_identification:_identify(src/depthai_ros_driver) by extension 'ignore'
[1.031s] Level 1:colcon.colcon_core.package_identification:_identify(src/depthai_ros_driver) by extension 'ignore_ament_install'
[1.031s] Level 1:colcon.colcon_core.package_identification:_identify(src/depthai_ros_driver) by extensions ['colcon_pkg']
[1.031s] Level 1:colcon.colcon_core.package_identification:_identify(src/depthai_ros_driver) by extension 'colcon_pkg'
[1.032s] Level 1:colcon.colcon_core.package_identification:_identify(src/depthai_ros_driver) by extensions ['colcon_meta']
[1.032s] Level 1:colcon.colcon_core.package_identification:_identify(src/depthai_ros_driver) by extension 'colcon_meta'
[1.032s] Level 1:colcon.colcon_core.package_identification:_identify(src/depthai_ros_driver) by extensions ['ros']
[1.032s] Level 1:colcon.colcon_core.package_identification:_identify(src/depthai_ros_driver) by extension 'ros'
[1.040s] DEBUG:colcon.colcon_core.package_identification:Package 'src/depthai_ros_driver' with type 'ros.ament_cmake' and name 'depthai_ros_driver'
[1.041s] Level 1:colcon.colcon_core.package_identification:_identify(src/teleop_forklift_control) by extensions ['ignore', 'ignore_ament_install']
[1.041s] Level 1:colcon.colcon_core.package_identification:_identify(src/teleop_forklift_control) by extension 'ignore'
[1.042s] Level 1:colcon.colcon_core.package_identification:_identify(src/teleop_forklift_control) by extension 'ignore_ament_install'
[1.042s] Level 1:colcon.colcon_core.package_identification:_identify(src/teleop_forklift_control) by extensions ['colcon_pkg']
[1.042s] Level 1:colcon.colcon_core.package_identification:_identify(src/teleop_forklift_control) by extension 'colcon_pkg'
[1.042s] Level 1:colcon.colcon_core.package_identification:_identify(src/teleop_forklift_control) by extensions ['colcon_meta']
[1.042s] Level 1:colcon.colcon_core.package_identification:_identify(src/teleop_forklift_control) by extension 'colcon_meta'
[1.042s] Level 1:colcon.colcon_core.package_identification:_identify(src/teleop_forklift_control) by extensions ['ros']
[1.042s] Level 1:colcon.colcon_core.package_identification:_identify(src/teleop_forklift_control) by extension 'ros'
[1.045s] DEBUG:colcon.colcon_core.package_identification:Package 'src/teleop_forklift_control' with type 'ros.ament_python' and name 'teleop_forklift_control'
[1.045s] Level 1:colcon.colcon_core.package_discovery:discover_packages(recursive) using defaults
[1.045s] Level 1:colcon.colcon_core.package_discovery:discover_packages(ignore) discover
[1.045s] Level 1:colcon.colcon_core.package_discovery:discover_packages(ignore) using defaults
[1.045s] Level 1:colcon.colcon_core.package_discovery:discover_packages(path) discover
[1.045s] Level 1:colcon.colcon_core.package_discovery:discover_packages(path) using defaults
[1.124s] Level 1:colcon.colcon_core.package_discovery:discover_packages(prefix_path) check parameters
[1.125s] Level 1:colcon.colcon_core.package_discovery:discover_packages(prefix_path) discover
[1.128s] Level 1:colcon.colcon_core.package_discovery:discover_packages(prefix_path) using defaults
[1.133s] Level 5:colcon.colcon_core.verb:set package 'camera_pipelines' build argument 'cmake_args' from command line to 'None'
[1.133s] Level 5:colcon.colcon_core.verb:set package 'camera_pipelines' build argument 'cmake_target' from command line to 'None'
[1.133s] Level 5:colcon.colcon_core.verb:set package 'camera_pipelines' build argument 'cmake_target_skip_unavailable' from command line to 'False'
[1.133s] Level 5:colcon.colcon_core.verb:set package 'camera_pipelines' build argument 'cmake_clean_cache' from command line to 'False'
[1.133s] Level 5:colcon.colcon_core.verb:set package 'camera_pipelines' build argument 'cmake_clean_first' from command line to 'False'
[1.133s] Level 5:colcon.colcon_core.verb:set package 'camera_pipelines' build argument 'cmake_force_configure' from command line to 'False'
[1.133s] Level 5:colcon.colcon_core.verb:set package 'camera_pipelines' build argument 'ament_cmake_args' from command line to 'None'
[1.133s] Level 5:colcon.colcon_core.verb:set package 'camera_pipelines' build argument 'catkin_cmake_args' from command line to 'None'
[1.134s] Level 5:colcon.colcon_core.verb:set package 'camera_pipelines' build argument 'catkin_skip_building_tests' from command line to 'False'
[1.134s] DEBUG:colcon.colcon_core.verb:Building package 'camera_pipelines' with the following arguments: {'ament_cmake_args': None, 'build_base': '/home/ubuntu/ros2_ws/build/camera_pipelines', 'catkin_cmake_args': None, 'catkin_skip_building_tests': False, 'cmake_args': None, 'cmake_clean_cache': False, 'cmake_clean_first': False, 'cmake_force_configure': False, 'cmake_target': None, 'cmake_target_skip_unavailable': False, 'install_base': '/home/ubuntu/ros2_ws/install/camera_pipelines', 'merge_install': False, 'path': '/home/ubuntu/ros2_ws/src/camera_pipelines', 'symlink_install': False, 'test_result_base': None}
[1.135s] Level 5:colcon.colcon_core.verb:set package 'depthai_ros_driver' build argument 'cmake_args' from command line to 'None'
[1.136s] Level 5:colcon.colcon_core.verb:set package 'depthai_ros_driver' build argument 'cmake_target' from command line to 'None'
[1.136s] Level 5:colcon.colcon_core.verb:set package 'depthai_ros_driver' build argument 'cmake_target_skip_unavailable' from command line to 'False'
[1.136s] Level 5:colcon.colcon_core.verb:set package 'depthai_ros_driver' build argument 'cmake_clean_cache' from command line to 'False'
[1.136s] Level 5:colcon.colcon_core.verb:set package 'depthai_ros_driver' build argument 'cmake_clean_first' from command line to 'False'
[1.136s] Level 5:colcon.colcon_core.verb:set package 'depthai_ros_driver' build argument 'cmake_force_configure' from command line to 'False'
[1.136s] Level 5:colcon.colcon_core.verb:set package 'depthai_ros_driver' build argument 'ament_cmake_args' from command line to 'None'
[1.136s] Level 5:colcon.colcon_core.verb:set package 'depthai_ros_driver' build argument 'catkin_cmake_args' from command line to 'None'
[1.136s] Level 5:colcon.colcon_core.verb:set package 'depthai_ros_driver' build argument 'catkin_skip_building_tests' from command line to 'False'
[1.137s] DEBUG:colcon.colcon_core.verb:Building package 'depthai_ros_driver' with the following arguments: {'ament_cmake_args': None, 'build_base': '/home/ubuntu/ros2_ws/build/depthai_ros_driver', 'catkin_cmake_args': None, 'catkin_skip_building_tests': False, 'cmake_args': None, 'cmake_clean_cache': False, 'cmake_clean_first': False, 'cmake_force_configure': False, 'cmake_target': None, 'cmake_target_skip_unavailable': False, 'install_base': '/home/ubuntu/ros2_ws/install/depthai_ros_driver', 'merge_install': False, 'path': '/home/ubuntu/ros2_ws/src/depthai_ros_driver', 'symlink_install': False, 'test_result_base': None}
[1.138s] Level 5:colcon.colcon_core.verb:set package 'teleop_forklift_control' build argument 'cmake_args' from command line to 'None'
[1.138s] Level 5:colcon.colcon_core.verb:set package 'teleop_forklift_control' build argument 'cmake_target' from command line to 'None'
[1.138s] Level 5:colcon.colcon_core.verb:set package 'teleop_forklift_control' build argument 'cmake_target_skip_unavailable' from command line to 'False'
[1.138s] Level 5:colcon.colcon_core.verb:set package 'teleop_forklift_control' build argument 'cmake_clean_cache' from command line to 'False'
[1.138s] Level 5:colcon.colcon_core.verb:set package 'teleop_forklift_control' build argument 'cmake_clean_first' from command line to 'False'
[1.139s] Level 5:colcon.colcon_core.verb:set package 'teleop_forklift_control' build argument 'cmake_force_configure' from command line to 'False'
[1.139s] Level 5:colcon.colcon_core.verb:set package 'teleop_forklift_control' build argument 'ament_cmake_args' from command line to 'None'
[1.139s] Level 5:colcon.colcon_core.verb:set package 'teleop_forklift_control' build argument 'catkin_cmake_args' from command line to 'None'
[1.139s] Level 5:colcon.colcon_core.verb:set package 'teleop_forklift_control' build argument 'catkin_skip_building_tests' from command line to 'False'
[1.139s] DEBUG:colcon.colcon_core.verb:Building package 'teleop_forklift_control' with the following arguments: {'ament_cmake_args': None, 'build_base': '/home/ubuntu/ros2_ws/build/teleop_forklift_control', 'catkin_cmake_args': None, 'catkin_skip_building_tests': False, 'cmake_args': None, 'cmake_clean_cache': False, 'cmake_clean_first': False, 'cmake_force_configure': False, 'cmake_target': None, 'cmake_target_skip_unavailable': False, 'install_base': '/home/ubuntu/ros2_ws/install/teleop_forklift_control', 'merge_install': False, 'path': '/home/ubuntu/ros2_ws/src/teleop_forklift_control', 'symlink_install': False, 'test_result_base': None}
[1.139s] INFO:colcon.colcon_core.executor:Executing jobs using 'sequential' executor
[1.142s] DEBUG:colcon.colcon_core.executor.sequential:run_until_complete 'camera_pipelines'
[1.143s] INFO:colcon.colcon_ros.task.ament_python.build:Building ROS package in '/home/ubuntu/ros2_ws/src/camera_pipelines' with build type 'ament_python'
[1.144s] Level 1:colcon.colcon_core.shell:create_environment_hook('camera_pipelines', 'ament_prefix_path')
[1.153s] INFO:colcon.colcon_core.plugin_system:Skipping extension 'colcon_core.shell.bat': Not used on non-Windows systems
[1.154s] INFO:colcon.colcon_core.shell:Creating environment hook '/home/ubuntu/ros2_ws/install/camera_pipelines/share/camera_pipelines/hook/ament_prefix_path.ps1'
[1.156s] INFO:colcon.colcon_core.shell:Creating environment descriptor '/home/ubuntu/ros2_ws/install/camera_pipelines/share/camera_pipelines/hook/ament_prefix_path.dsv'
[1.158s] INFO:colcon.colcon_core.shell:Creating environment hook '/home/ubuntu/ros2_ws/install/camera_pipelines/share/camera_pipelines/hook/ament_prefix_path.sh'
[1.162s] INFO:colcon.colcon_core.shell:Skip shell extension 'powershell' for command environment: Not usable outside of PowerShell
[1.162s] DEBUG:colcon.colcon_core.shell:Skip shell extension 'dsv' for command environment
[2.076s] INFO:colcon.colcon_core.task.python.build:Building Python package in '/home/ubuntu/ros2_ws/src/camera_pipelines'
[2.077s] INFO:colcon.colcon_core.shell:Skip shell extension 'powershell' for command environment: Not usable outside of PowerShell
[2.077s] DEBUG:colcon.colcon_core.shell:Skip shell extension 'dsv' for command environment
[3.419s] DEBUG:colcon.colcon_core.event_handler.log_command:Invoking command in '/home/ubuntu/ros2_ws/src/camera_pipelines': PYTHONPATH=/home/ubuntu/ros2_ws/build/camera_pipelines/prefix_override:/usr/lib/python3/dist-packages/colcon_core/task/python/colcon_distutils_commands:/home/ubuntu/ros2_ws/install/camera_pipelines/lib/python3.10/site-packages: /usr/bin/python3 -W ignore:setup.py install is deprecated -W ignore:easy_install command is deprecated setup.py egg_info --egg-base ../../build/camera_pipelines build --build-base /home/ubuntu/ros2_ws/build/camera_pipelines/build install --record /home/ubuntu/ros2_ws/build/camera_pipelines/install.log --single-version-externally-managed install_data
[4.467s] DEBUG:colcon.colcon_core.event_handler.log_command:Invoked command in '/home/ubuntu/ros2_ws/src/camera_pipelines' returned '0': PYTHONPATH=/home/ubuntu/ros2_ws/build/camera_pipelines/prefix_override:/usr/lib/python3/dist-packages/colcon_core/task/python/colcon_distutils_commands:/home/ubuntu/ros2_ws/install/camera_pipelines/lib/python3.10/site-packages: /usr/bin/python3 -W ignore:setup.py install is deprecated -W ignore:easy_install command is deprecated setup.py egg_info --egg-base ../../build/camera_pipelines build --build-base /home/ubuntu/ros2_ws/build/camera_pipelines/build install --record /home/ubuntu/ros2_ws/build/camera_pipelines/install.log --single-version-externally-managed install_data
[4.476s] Level 1:colcon.colcon_core.environment:checking '/home/ubuntu/ros2_ws/install/camera_pipelines' for CMake module files
[4.478s] Level 1:colcon.colcon_core.environment:checking '/home/ubuntu/ros2_ws/install/camera_pipelines' for CMake config files
[4.482s] Level 1:colcon.colcon_core.environment:checking '/home/ubuntu/ros2_ws/install/camera_pipelines/lib'
[4.483s] Level 1:colcon.colcon_core.environment:checking '/home/ubuntu/ros2_ws/install/camera_pipelines/bin'
[4.483s] Level 1:colcon.colcon_core.environment:checking '/home/ubuntu/ros2_ws/install/camera_pipelines/lib/pkgconfig/camera_pipelines.pc'
[4.484s] Level 1:colcon.colcon_core.environment:checking '/home/ubuntu/ros2_ws/install/camera_pipelines/lib/python3.10/site-packages'
[4.484s] Level 1:colcon.colcon_core.shell:create_environment_hook('camera_pipelines', 'pythonpath')
[4.485s] INFO:colcon.colcon_core.shell:Creating environment hook '/home/ubuntu/ros2_ws/install/camera_pipelines/share/camera_pipelines/hook/pythonpath.ps1'
[4.487s] INFO:colcon.colcon_core.shell:Creating environment descriptor '/home/ubuntu/ros2_ws/install/camera_pipelines/share/camera_pipelines/hook/pythonpath.dsv'
[4.489s] INFO:colcon.colcon_core.shell:Creating environment hook '/home/ubuntu/ros2_ws/install/camera_pipelines/share/camera_pipelines/hook/pythonpath.sh'
[4.492s] Level 1:colcon.colcon_core.environment:checking '/home/ubuntu/ros2_ws/install/camera_pipelines/bin'
[4.492s] Level 1:colcon.colcon_core.environment:create_environment_scripts_only(camera_pipelines)
[4.493s] INFO:colcon.colcon_core.shell:Creating package script '/home/ubuntu/ros2_ws/install/camera_pipelines/share/camera_pipelines/package.ps1'
[4.497s] INFO:colcon.colcon_core.shell:Creating package descriptor '/home/ubuntu/ros2_ws/install/camera_pipelines/share/camera_pipelines/package.dsv'
[4.499s] INFO:colcon.colcon_core.shell:Creating package script '/home/ubuntu/ros2_ws/install/camera_pipelines/share/camera_pipelines/package.sh'
[4.503s] INFO:colcon.colcon_core.shell:Creating package script '/home/ubuntu/ros2_ws/install/camera_pipelines/share/camera_pipelines/package.bash'
[4.506s] INFO:colcon.colcon_core.shell:Creating package script '/home/ubuntu/ros2_ws/install/camera_pipelines/share/camera_pipelines/package.zsh'
[4.509s] Level 1:colcon.colcon_core.environment:create_file_with_runtime_dependencies(/home/ubuntu/ros2_ws/install/camera_pipelines/share/colcon-core/packages/camera_pipelines)
[4.510s] DEBUG:colcon.colcon_core.executor.sequential:run_until_complete 'camera_pipelines' finished with '0'
[4.510s] DEBUG:colcon.colcon_core.executor.sequential:run_until_complete 'depthai_ros_driver'
[4.511s] INFO:colcon.colcon_ros.task.ament_cmake.build:Building ROS package in '/home/ubuntu/ros2_ws/src/depthai_ros_driver' with build type 'ament_cmake'
[4.511s] INFO:colcon.colcon_cmake.task.cmake.build:Building CMake package in '/home/ubuntu/ros2_ws/src/depthai_ros_driver'
[4.512s] INFO:colcon.colcon_core.shell:Skip shell extension 'powershell' for command environment: Not usable outside of PowerShell
[4.513s] DEBUG:colcon.colcon_core.shell:Skip shell extension 'dsv' for command environment
[4.538s] DEBUG:colcon.colcon_core.event_handler.log_command:Invoking command in '/home/ubuntu/ros2_ws/build/depthai_ros_driver': /usr/bin/cmake /home/ubuntu/ros2_ws/src/depthai_ros_driver -DCMAKE_INSTALL_PREFIX=/home/ubuntu/ros2_ws/install/depthai_ros_driver
[5.187s] DEBUG:colcon.colcon_core.event_handler.log_command:Invoked command in '/home/ubuntu/ros2_ws/build/depthai_ros_driver' returned '1': /usr/bin/cmake /home/ubuntu/ros2_ws/src/depthai_ros_driver -DCMAKE_INSTALL_PREFIX=/home/ubuntu/ros2_ws/install/depthai_ros_driver
[5.191s] Level 1:colcon.colcon_core.environment:create_environment_scripts_only(depthai_ros_driver)
[5.192s] Level 1:colcon.colcon_core.environment:checking '/home/ubuntu/ros2_ws/install/depthai_ros_driver' for CMake module files
[5.194s] Level 1:colcon.colcon_core.environment:checking '/home/ubuntu/ros2_ws/install/depthai_ros_driver' for CMake config files
[5.196s] Level 1:colcon.colcon_core.environment:checking '/home/ubuntu/ros2_ws/install/depthai_ros_driver/bin'
[5.196s] Level 1:colcon.colcon_core.environment:checking '/home/ubuntu/ros2_ws/install/depthai_ros_driver/lib/pkgconfig/depthai_ros_driver.pc'
[5.197s] Level 1:colcon.colcon_core.environment:checking '/home/ubuntu/ros2_ws/install/depthai_ros_driver/lib/python3.10/site-packages'
[5.198s] Level 1:colcon.colcon_core.environment:checking '/home/ubuntu/ros2_ws/install/depthai_ros_driver/bin'
[5.199s] INFO:colcon.colcon_core.shell:Creating package script '/home/ubuntu/ros2_ws/install/depthai_ros_driver/share/depthai_ros_driver/package.ps1'
[5.201s] INFO:colcon.colcon_core.shell:Creating package descriptor '/home/ubuntu/ros2_ws/install/depthai_ros_driver/share/depthai_ros_driver/package.dsv'
[5.203s] INFO:colcon.colcon_core.shell:Creating package script '/home/ubuntu/ros2_ws/install/depthai_ros_driver/share/depthai_ros_driver/package.sh'
[5.205s] INFO:colcon.colcon_core.shell:Creating package script '/home/ubuntu/ros2_ws/install/depthai_ros_driver/share/depthai_ros_driver/package.bash'
[5.208s] INFO:colcon.colcon_core.shell:Creating package script '/home/ubuntu/ros2_ws/install/depthai_ros_driver/share/depthai_ros_driver/package.zsh'
[5.210s] Level 1:colcon.colcon_core.environment:create_file_with_runtime_dependencies(/home/ubuntu/ros2_ws/install/depthai_ros_driver/share/colcon-core/packages/depthai_ros_driver)
[5.211s] DEBUG:colcon.colcon_core.executor.sequential:run_until_complete 'depthai_ros_driver' finished with '1'
[5.211s] DEBUG:colcon.colcon_core.executor.sequential:closing loop
[5.212s] DEBUG:colcon.colcon_core.executor.sequential:loop closed
[5.213s] DEBUG:colcon.colcon_core.event_reactor:joining thread
[5.273s] INFO:colcon.colcon_core.plugin_system:Skipping extension 'colcon_notification.desktop_notification.notify_send': Could not find 'notify-send'
[5.274s] INFO:colcon.colcon_core.plugin_system:Skipping extension 'colcon_notification.desktop_notification.terminal_notifier': Not used on non-Darwin systems
[5.274s] INFO:colcon.colcon_core.plugin_system:Skipping extension 'colcon_notification.desktop_notification.win32': Not used on non-Windows systems
[5.274s] INFO:colcon.colcon_notification.desktop_notification:Sending desktop notification using 'notify2'
[5.277s] DEBUG:colcon.colcon_notification.desktop_notification.notify2:Failed to initialize notify2: org.freedesktop.DBus.Error.ServiceUnknown: The name org.freedesktop.Notifications was not provided by any .service files
[5.277s] DEBUG:colcon.colcon_core.event_reactor:joined thread
[5.278s] INFO:colcon.colcon_core.shell:Creating prefix script '/home/ubuntu/ros2_ws/install/local_setup.ps1'
[5.282s] INFO:colcon.colcon_core.shell:Creating prefix util module '/home/ubuntu/ros2_ws/install/_local_setup_util_ps1.py'
[5.289s] INFO:colcon.colcon_core.shell:Creating prefix chain script '/home/ubuntu/ros2_ws/install/setup.ps1'
[5.293s] INFO:colcon.colcon_core.shell:Creating prefix script '/home/ubuntu/ros2_ws/install/local_setup.sh'
[5.296s] INFO:colcon.colcon_core.shell:Creating prefix util module '/home/ubuntu/ros2_ws/install/_local_setup_util_sh.py'
[5.299s] INFO:colcon.colcon_core.shell:Creating prefix chain script '/home/ubuntu/ros2_ws/install/setup.sh'
[5.302s] INFO:colcon.colcon_core.shell:Creating prefix script '/home/ubuntu/ros2_ws/install/local_setup.bash'
[5.305s] INFO:colcon.colcon_core.shell:Creating prefix chain script '/home/ubuntu/ros2_ws/install/setup.bash'
[5.308s] INFO:colcon.colcon_core.shell:Creating prefix script '/home/ubuntu/ros2_ws/install/local_setup.zsh'
[5.310s] INFO:colcon.colcon_core.shell:Creating prefix chain script '/home/ubuntu/ros2_ws/install/setup.zsh'
