[0.429s] DEBUG:colcon:Command line arguments: ['/usr/bin/colcon', 'build', '--packages-select', 'depthai_ros_driver', '--executor', 'sequential', '--parallel-workers', '1', '--cmake-args', '-DCMAKE_BUILD_TYPE=Release']
[0.429s] DEBUG:colcon:Parsed command line arguments: Namespace(log_base=None, log_level=None, verb_name='build', build_base='build', install_base='install', merge_install=False, symlink_install=False, test_result_base=None, continue_on_error=False, executor='sequential', parallel_workers=1, event_handlers=None, ignore_user_meta=False, metas=['./colcon.meta'], base_paths=['.'], packages_ignore=None, packages_ignore_regex=None, paths=None, packages_up_to=None, packages_up_to_regex=None, packages_above=None, packages_above_and_dependencies=None, packages_above_depth=None, packages_select_by_dep=None, packages_skip_by_dep=None, packages_skip_up_to=None, packages_select_build_failed=False, packages_skip_build_finished=False, packages_select_test_failures=False, packages_skip_test_passed=False, packages_select=['depthai_ros_driver'], packages_skip=None, packages_select_regex=None, packages_skip_regex=None, packages_start=None, packages_end=None, allow_overriding=[], cmake_args=['-DCMAKE_BUILD_TYPE=Release'], cmake_target=None, cmake_target_skip_unavailable=False, cmake_clean_cache=False, cmake_clean_first=False, cmake_force_configure=False, ament_cmake_args=None, catkin_cmake_args=None, catkin_skip_building_tests=False, verb_parser=<colcon_defaults.argument_parser.defaults.DefaultArgumentsDecorator object at 0xffffb15c7580>, verb_extension=<colcon_core.verb.build.BuildVerb object at 0xffffb1759f60>, main=<bound method BuildVerb.main of <colcon_core.verb.build.BuildVerb object at 0xffffb1759f60>>)
[1.690s] Level 1:colcon.colcon_core.package_discovery:discover_packages(colcon_meta) check parameters
[1.690s] Level 1:colcon.colcon_core.package_discovery:discover_packages(recursive) check parameters
[1.690s] Level 1:colcon.colcon_core.package_discovery:discover_packages(ignore) check parameters
[1.691s] Level 1:colcon.colcon_core.package_discovery:discover_packages(path) check parameters
[1.691s] Level 1:colcon.colcon_core.package_discovery:discover_packages(colcon_meta) discover
[1.691s] Level 1:colcon.colcon_core.package_discovery:discover_packages(recursive) discover
[1.691s] INFO:colcon.colcon_core.package_discovery:Crawling recursively for packages in '/home/ubuntu/ros2_ws'
[1.692s] Level 1:colcon.colcon_core.package_identification:_identify(.) by extensions ['ignore', 'ignore_ament_install']
[1.693s] Level 1:colcon.colcon_core.package_identification:_identify(.) by extension 'ignore'
[1.693s] Level 1:colcon.colcon_core.package_identification:_identify(.) by extension 'ignore_ament_install'
[1.693s] Level 1:colcon.colcon_core.package_identification:_identify(.) by extensions ['colcon_pkg']
[1.694s] Level 1:colcon.colcon_core.package_identification:_identify(.) by extension 'colcon_pkg'
[1.694s] Level 1:colcon.colcon_core.package_identification:_identify(.) by extensions ['colcon_meta']
[1.694s] Level 1:colcon.colcon_core.package_identification:_identify(.) by extension 'colcon_meta'
[1.694s] Level 1:colcon.colcon_core.package_identification:_identify(.) by extensions ['ros']
[1.695s] Level 1:colcon.colcon_core.package_identification:_identify(.) by extension 'ros'
[1.772s] Level 1:colcon.colcon_core.package_identification:_identify(.) by extensions ['cmake', 'python']
[1.772s] Level 1:colcon.colcon_core.package_identification:_identify(.) by extension 'cmake'
[1.772s] Level 1:colcon.colcon_core.package_identification:_identify(.) by extension 'python'
[1.773s] Level 1:colcon.colcon_core.package_identification:_identify(.) by extensions ['python_setup_py']
[1.773s] Level 1:colcon.colcon_core.package_identification:_identify(.) by extension 'python_setup_py'
[1.773s] Level 1:colcon.colcon_core.package_identification:_identify(build) by extensions ['ignore', 'ignore_ament_install']
[1.773s] Level 1:colcon.colcon_core.package_identification:_identify(build) by extension 'ignore'
[1.774s] Level 1:colcon.colcon_core.package_identification:_identify(build) ignored
[1.774s] Level 1:colcon.colcon_core.package_identification:_identify(install) by extensions ['ignore', 'ignore_ament_install']
[1.775s] Level 1:colcon.colcon_core.package_identification:_identify(install) by extension 'ignore'
[1.775s] Level 1:colcon.colcon_core.package_identification:_identify(install) ignored
[1.776s] Level 1:colcon.colcon_core.package_identification:_identify(log) by extensions ['ignore', 'ignore_ament_install']
[1.776s] Level 1:colcon.colcon_core.package_identification:_identify(log) by extension 'ignore'
[1.776s] Level 1:colcon.colcon_core.package_identification:_identify(log) ignored
[1.777s] Level 1:colcon.colcon_core.package_identification:_identify(src) by extensions ['ignore', 'ignore_ament_install']
[1.777s] Level 1:colcon.colcon_core.package_identification:_identify(src) by extension 'ignore'
[1.778s] Level 1:colcon.colcon_core.package_identification:_identify(src) by extension 'ignore_ament_install'
[1.778s] Level 1:colcon.colcon_core.package_identification:_identify(src) by extensions ['colcon_pkg']
[1.778s] Level 1:colcon.colcon_core.package_identification:_identify(src) by extension 'colcon_pkg'
[1.778s] Level 1:colcon.colcon_core.package_identification:_identify(src) by extensions ['colcon_meta']
[1.778s] Level 1:colcon.colcon_core.package_identification:_identify(src) by extension 'colcon_meta'
[1.779s] Level 1:colcon.colcon_core.package_identification:_identify(src) by extensions ['ros']
[1.779s] Level 1:colcon.colcon_core.package_identification:_identify(src) by extension 'ros'
[1.779s] Level 1:colcon.colcon_core.package_identification:_identify(src) by extensions ['cmake', 'python']
[1.779s] Level 1:colcon.colcon_core.package_identification:_identify(src) by extension 'cmake'
[1.779s] Level 1:colcon.colcon_core.package_identification:_identify(src) by extension 'python'
[1.779s] Level 1:colcon.colcon_core.package_identification:_identify(src) by extensions ['python_setup_py']
[1.780s] Level 1:colcon.colcon_core.package_identification:_identify(src) by extension 'python_setup_py'
[1.781s] Level 1:colcon.colcon_core.package_identification:_identify(src/camera_pipelines) by extensions ['ignore', 'ignore_ament_install']
[1.781s] Level 1:colcon.colcon_core.package_identification:_identify(src/camera_pipelines) by extension 'ignore'
[1.781s] Level 1:colcon.colcon_core.package_identification:_identify(src/camera_pipelines) by extension 'ignore_ament_install'
[1.781s] Level 1:colcon.colcon_core.package_identification:_identify(src/camera_pipelines) by extensions ['colcon_pkg']
[1.782s] Level 1:colcon.colcon_core.package_identification:_identify(src/camera_pipelines) by extension 'colcon_pkg'
[1.782s] Level 1:colcon.colcon_core.package_identification:_identify(src/camera_pipelines) by extensions ['colcon_meta']
[1.782s] Level 1:colcon.colcon_core.package_identification:_identify(src/camera_pipelines) by extension 'colcon_meta'
[1.782s] Level 1:colcon.colcon_core.package_identification:_identify(src/camera_pipelines) by extensions ['ros']
[1.782s] Level 1:colcon.colcon_core.package_identification:_identify(src/camera_pipelines) by extension 'ros'
[1.795s] DEBUG:colcon.colcon_core.package_identification:Package 'src/camera_pipelines' with type 'ros.ament_python' and name 'camera_pipelines'
[1.796s] Level 1:colcon.colcon_core.package_identification:_identify(src/depthai_ros_driver) by extensions ['ignore', 'ignore_ament_install']
[1.797s] Level 1:colcon.colcon_core.package_identification:_identify(src/depthai_ros_driver) by extension 'ignore'
[1.797s] Level 1:colcon.colcon_core.package_identification:_identify(src/depthai_ros_driver) by extension 'ignore_ament_install'
[1.797s] Level 1:colcon.colcon_core.package_identification:_identify(src/depthai_ros_driver) by extensions ['colcon_pkg']
[1.797s] Level 1:colcon.colcon_core.package_identification:_identify(src/depthai_ros_driver) by extension 'colcon_pkg'
[1.798s] Level 1:colcon.colcon_core.package_identification:_identify(src/depthai_ros_driver) by extensions ['colcon_meta']
[1.798s] Level 1:colcon.colcon_core.package_identification:_identify(src/depthai_ros_driver) by extension 'colcon_meta'
[1.798s] Level 1:colcon.colcon_core.package_identification:_identify(src/depthai_ros_driver) by extensions ['ros']
[1.798s] Level 1:colcon.colcon_core.package_identification:_identify(src/depthai_ros_driver) by extension 'ros'
[1.809s] DEBUG:colcon.colcon_core.package_identification:Package 'src/depthai_ros_driver' with type 'ros.ament_cmake' and name 'depthai_ros_driver'
[1.811s] Level 1:colcon.colcon_core.package_identification:_identify(src/teleop_forklift_control) by extensions ['ignore', 'ignore_ament_install']
[1.811s] Level 1:colcon.colcon_core.package_identification:_identify(src/teleop_forklift_control) by extension 'ignore'
[1.811s] Level 1:colcon.colcon_core.package_identification:_identify(src/teleop_forklift_control) by extension 'ignore_ament_install'
[1.812s] Level 1:colcon.colcon_core.package_identification:_identify(src/teleop_forklift_control) by extensions ['colcon_pkg']
[1.812s] Level 1:colcon.colcon_core.package_identification:_identify(src/teleop_forklift_control) by extension 'colcon_pkg'
[1.812s] Level 1:colcon.colcon_core.package_identification:_identify(src/teleop_forklift_control) by extensions ['colcon_meta']
[1.812s] Level 1:colcon.colcon_core.package_identification:_identify(src/teleop_forklift_control) by extension 'colcon_meta'
[1.812s] Level 1:colcon.colcon_core.package_identification:_identify(src/teleop_forklift_control) by extensions ['ros']
[1.812s] Level 1:colcon.colcon_core.package_identification:_identify(src/teleop_forklift_control) by extension 'ros'
[1.816s] DEBUG:colcon.colcon_core.package_identification:Package 'src/teleop_forklift_control' with type 'ros.ament_python' and name 'teleop_forklift_control'
[1.816s] Level 1:colcon.colcon_core.package_discovery:discover_packages(recursive) using defaults
[1.816s] Level 1:colcon.colcon_core.package_discovery:discover_packages(ignore) discover
[1.816s] Level 1:colcon.colcon_core.package_discovery:discover_packages(ignore) using defaults
[1.816s] Level 1:colcon.colcon_core.package_discovery:discover_packages(path) discover
[1.816s] Level 1:colcon.colcon_core.package_discovery:discover_packages(path) using defaults
[1.947s] INFO:colcon.colcon_core.package_selection:Skipping not selected package 'camera_pipelines' in 'src/camera_pipelines'
[1.947s] INFO:colcon.colcon_core.package_selection:Skipping not selected package 'teleop_forklift_control' in 'src/teleop_forklift_control'
[1.950s] Level 1:colcon.colcon_core.package_discovery:discover_packages(prefix_path) check parameters
[1.950s] Level 1:colcon.colcon_core.package_discovery:discover_packages(prefix_path) discover
[1.974s] DEBUG:colcon.colcon_installed_package_information.package_discovery:Found 296 installed packages in /opt/ros/humble
[2.018s] Level 1:colcon.colcon_core.package_discovery:discover_packages(prefix_path) using defaults
[2.193s] Level 5:colcon.colcon_core.verb:set package 'depthai_ros_driver' build argument 'cmake_args' from command line to '['-DCMAKE_BUILD_TYPE=Release']'
[2.193s] Level 5:colcon.colcon_core.verb:set package 'depthai_ros_driver' build argument 'cmake_target' from command line to 'None'
[2.193s] Level 5:colcon.colcon_core.verb:set package 'depthai_ros_driver' build argument 'cmake_target_skip_unavailable' from command line to 'False'
[2.193s] Level 5:colcon.colcon_core.verb:set package 'depthai_ros_driver' build argument 'cmake_clean_cache' from command line to 'False'
[2.193s] Level 5:colcon.colcon_core.verb:set package 'depthai_ros_driver' build argument 'cmake_clean_first' from command line to 'False'
[2.194s] Level 5:colcon.colcon_core.verb:set package 'depthai_ros_driver' build argument 'cmake_force_configure' from command line to 'False'
[2.194s] Level 5:colcon.colcon_core.verb:set package 'depthai_ros_driver' build argument 'ament_cmake_args' from command line to 'None'
[2.194s] Level 5:colcon.colcon_core.verb:set package 'depthai_ros_driver' build argument 'catkin_cmake_args' from command line to 'None'
[2.194s] Level 5:colcon.colcon_core.verb:set package 'depthai_ros_driver' build argument 'catkin_skip_building_tests' from command line to 'False'
[2.194s] DEBUG:colcon.colcon_core.verb:Building package 'depthai_ros_driver' with the following arguments: {'ament_cmake_args': None, 'build_base': '/home/ubuntu/ros2_ws/build/depthai_ros_driver', 'catkin_cmake_args': None, 'catkin_skip_building_tests': False, 'cmake_args': ['-DCMAKE_BUILD_TYPE=Release'], 'cmake_clean_cache': False, 'cmake_clean_first': False, 'cmake_force_configure': False, 'cmake_target': None, 'cmake_target_skip_unavailable': False, 'install_base': '/home/ubuntu/ros2_ws/install/depthai_ros_driver', 'merge_install': False, 'path': '/home/ubuntu/ros2_ws/src/depthai_ros_driver', 'symlink_install': False, 'test_result_base': None}
[2.195s] INFO:colcon.colcon_core.executor:Executing jobs using 'sequential' executor
[2.198s] DEBUG:colcon.colcon_core.executor.sequential:run_until_complete 'depthai_ros_driver'
[2.198s] INFO:colcon.colcon_ros.task.ament_cmake.build:Building ROS package in '/home/ubuntu/ros2_ws/src/depthai_ros_driver' with build type 'ament_cmake'
[2.199s] INFO:colcon.colcon_cmake.task.cmake.build:Building CMake package in '/home/ubuntu/ros2_ws/src/depthai_ros_driver'
[2.219s] INFO:colcon.colcon_core.plugin_system:Skipping extension 'colcon_core.shell.bat': Not used on non-Windows systems
[2.220s] INFO:colcon.colcon_core.shell:Skip shell extension 'powershell' for command environment: Not usable outside of PowerShell
[2.220s] DEBUG:colcon.colcon_core.shell:Skip shell extension 'dsv' for command environment
[2.269s] DEBUG:colcon.colcon_core.event_handler.log_command:Invoking command in '/home/ubuntu/ros2_ws/build/depthai_ros_driver': CMAKE_PREFIX_PATH=/opt/ros/humble /usr/bin/cmake --build /home/ubuntu/ros2_ws/build/depthai_ros_driver -- -j4 -l4
