[0.022s] Invoking command in '/home/ubuntu/ros2_ws/build/depthai_ros_driver': /usr/bin/cmake /home/ubuntu/ros2_ws/src/depthai_ros_driver -DCMAKE_INSTALL_PREFIX=/home/ubuntu/ros2_ws/install/depthai_ros_driver
[0.060s] -- Found ament_cmake_auto: 1.3.11 (/opt/ros/humble/share/ament_cmake_auto/cmake)
[0.599s] Traceback (most recent call last):
[0.600s]   File "/opt/ros/humble/share/ament_cmake_core/cmake/package_templates/templates_2_cmake.py", line 21, in <module>
[0.601s]     from ament_package.templates import get_environment_hook_template_path
[0.602s] ModuleNotFoundError: No module named 'ament_package'
[0.660s] [31mCMake Error at /opt/ros/humble/share/ament_cmake_core/cmake/ament_cmake_package_templates-extras.cmake:41 (message):
[0.660s]   execute_process(/usr/bin/python3
[0.661s]   /opt/ros/humble/share/ament_cmake_core/cmake/package_templates/templates_2_cmake.py
[0.661s]   /home/ubuntu/ros2_ws/build/depthai_ros_driver/ament_cmake_package_templates/templates.cmake)
[0.661s]   returned error code 1
[0.662s] Call Stack (most recent call first):
[0.662s]   /opt/ros/humble/share/ament_cmake_core/cmake/ament_cmake_coreConfig.cmake:41 (include)
[0.662s]   /opt/ros/humble/share/ament_cmake/cmake/ament_cmake_export_dependencies-extras.cmake:15 (find_package)
[0.662s]   /opt/ros/humble/share/ament_cmake/cmake/ament_cmakeConfig.cmake:41 (include)
[0.663s]   /opt/ros/humble/share/ament_cmake_auto/cmake/ament_cmake_auto-extras.cmake:17 (find_package)
[0.663s]   /opt/ros/humble/share/ament_cmake_auto/cmake/ament_cmake_autoConfig.cmake:41 (include)
[0.664s]   CMakeLists.txt:20 (find_package)
[0.664s] 
[0.665s] [0m
[0.665s] -- Configuring incomplete, errors occurred!
[0.666s] See also "/home/ubuntu/ros2_ws/build/depthai_ros_driver/CMakeFiles/CMakeOutput.log".
[0.672s] Invoked command in '/home/ubuntu/ros2_ws/build/depthai_ros_driver' returned '1': /usr/bin/cmake /home/ubuntu/ros2_ws/src/depthai_ros_driver -DCMAKE_INSTALL_PREFIX=/home/ubuntu/ros2_ws/install/depthai_ros_driver
